INFO:django.utils.autoreload:Watching for file changes with StatReloader
DEBUG:urllib3.connectionpool:Starting new HTTPS connection (1): o996770.ingest.sentry.io:443
ERROR:django.request:Internal Server Error: /graphql
Traceback (most recent call last):
  File "C:\Users\Basti\OneDrive\Documents\My Websites\Handmade Sites\Backend-Projects\Alternate-CMS\env\lib\site-packages\graphene_django\settings.py", line 74, in import_from_string
    module = importlib.import_module(module_path)
  File "c:\python39\lib\importlib\__init__.py", line 127, in import_module
    return _bootstrap._gcd_import(name[level:], package, level)
  File "<frozen importlib._bootstrap>", line 1030, in _gcd_import
  File "<frozen importlib._bootstrap>", line 1007, in _find_and_load
  File "<frozen importlib._bootstrap>", line 986, in _find_and_load_unlocked
  File "<frozen importlib._bootstrap>", line 680, in _load_unlocked
  File "<frozen importlib._bootstrap_external>", line 850, in exec_module
  File "<frozen importlib._bootstrap>", line 228, in _call_with_frames_removed
  File "C:\Users\Basti\OneDrive\Documents\My Websites\Handmade Sites\Backend-Projects\Alternate-CMS\shop\schema.py", line 4, in <module>
    from graphene_django.filter import DjangoFilterConnectionField
ImportError: cannot import name 'DjangoFilterConnectionField' from 'graphene_django.filter' (C:\Users\Basti\OneDrive\Documents\My Websites\Handmade Sites\Backend-Projects\Alternate-CMS\env\lib\site-packages\graphene_django\filter\__init__.py)

During handling of the above exception, another exception occurred:

Traceback (most recent call last):
  File "C:\Users\Basti\OneDrive\Documents\My Websites\Handmade Sites\Backend-Projects\Alternate-CMS\env\lib\site-packages\django\core\handlers\exception.py", line 34, in inner
    response = get_response(request)
  File "C:\Users\Basti\OneDrive\Documents\My Websites\Handmade Sites\Backend-Projects\Alternate-CMS\env\lib\site-packages\django\core\handlers\base.py", line 115, in _get_response
    response = self.process_exception_by_middleware(e, request)
  File "C:\Users\Basti\OneDrive\Documents\My Websites\Handmade Sites\Backend-Projects\Alternate-CMS\env\lib\site-packages\django\core\handlers\base.py", line 113, in _get_response
    response = wrapped_callback(request, *callback_args, **callback_kwargs)
  File "C:\Users\Basti\OneDrive\Documents\My Websites\Handmade Sites\Backend-Projects\Alternate-CMS\env\lib\site-packages\sentry_sdk\integrations\django\views.py", line 67, in sentry_wrapped_callback
    return callback(request, *args, **kwargs)
  File "C:\Users\Basti\OneDrive\Documents\My Websites\Handmade Sites\Backend-Projects\Alternate-CMS\env\lib\site-packages\django\views\decorators\csrf.py", line 54, in wrapped_view
    return view_func(*args, **kwargs)
  File "C:\Users\Basti\OneDrive\Documents\My Websites\Handmade Sites\Backend-Projects\Alternate-CMS\env\lib\site-packages\django\views\generic\base.py", line 62, in view
    self = cls(**initkwargs)
  File "C:\Users\Basti\OneDrive\Documents\My Websites\Handmade Sites\Backend-Projects\Alternate-CMS\env\lib\site-packages\graphene_django\views.py", line 70, in __init__
    schema = graphene_settings.SCHEMA
  File "C:\Users\Basti\OneDrive\Documents\My Websites\Handmade Sites\Backend-Projects\Alternate-CMS\env\lib\site-packages\graphene_django\settings.py", line 116, in __getattr__
    val = perform_import(val, attr)
  File "C:\Users\Basti\OneDrive\Documents\My Websites\Handmade Sites\Backend-Projects\Alternate-CMS\env\lib\site-packages\graphene_django\settings.py", line 60, in perform_import
    return import_from_string(val, setting_name)
  File "C:\Users\Basti\OneDrive\Documents\My Websites\Handmade Sites\Backend-Projects\Alternate-CMS\env\lib\site-packages\graphene_django\settings.py", line 78, in import_from_string
    raise ImportError(msg)
ImportError: Could not import 'shop.schema.schema' for Graphene setting 'SCHEMA'. ImportError: cannot import name 'DjangoFilterConnectionField' from 'graphene_django.filter' (C:\Users\Basti\OneDrive\Documents\My Websites\Handmade Sites\Backend-Projects\Alternate-CMS\env\lib\site-packages\graphene_django\filter\__init__.py).
DEBUG:urllib3.connectionpool:https://o996770.ingest.sentry.io:443 "POST /api/5955273/store/ HTTP/1.1" 200 41
DEBUG:urllib3.connectionpool:https://o996770.ingest.sentry.io:443 "POST /api/5955273/envelope/ HTTP/1.1" 200 41
DEBUG:urllib3.connectionpool:https://o996770.ingest.sentry.io:443 "POST /api/5955273/envelope/ HTTP/1.1" 200 41
WARNING:django.request:Not Found: /en/favicon.ico/
DEBUG:urllib3.connectionpool:https://o996770.ingest.sentry.io:443 "POST /api/5955273/envelope/ HTTP/1.1" 200 41
DEBUG:urllib3.connectionpool:https://o996770.ingest.sentry.io:443 "POST /api/5955273/envelope/ HTTP/1.1" 200 41
DEBUG:urllib3.connectionpool:https://o996770.ingest.sentry.io:443 "POST /api/5955273/envelope/ HTTP/1.1" 200 41
DEBUG:urllib3.connectionpool:https://o996770.ingest.sentry.io:443 "POST /api/5955273/envelope/ HTTP/1.1" 200 41
DEBUG:urllib3.connectionpool:https://o996770.ingest.sentry.io:443 "POST /api/5955273/envelope/ HTTP/1.1" 200 41
DEBUG:urllib3.connectionpool:https://o996770.ingest.sentry.io:443 "POST /api/5955273/envelope/ HTTP/1.1" 200 41
DEBUG:urllib3.connectionpool:https://o996770.ingest.sentry.io:443 "POST /api/5955273/envelope/ HTTP/1.1" 200 41
DEBUG:urllib3.connectionpool:https://o996770.ingest.sentry.io:443 "POST /api/5955273/envelope/ HTTP/1.1" 200 41
DEBUG:urllib3.connectionpool:https://o996770.ingest.sentry.io:443 "POST /api/5955273/envelope/ HTTP/1.1" 200 41
DEBUG:urllib3.connectionpool:https://o996770.ingest.sentry.io:443 "POST /api/5955273/envelope/ HTTP/1.1" 200 41
DEBUG:urllib3.connectionpool:https://o996770.ingest.sentry.io:443 "POST /api/5955273/envelope/ HTTP/1.1" 200 41
DEBUG:urllib3.connectionpool:https://o996770.ingest.sentry.io:443 "POST /api/5955273/envelope/ HTTP/1.1" 200 2
DEBUG:urllib3.connectionpool:https://o996770.ingest.sentry.io:443 "POST /api/5955273/envelope/ HTTP/1.1" 200 41
DEBUG:urllib3.connectionpool:https://o996770.ingest.sentry.io:443 "POST /api/5955273/envelope/ HTTP/1.1" 200 41
DEBUG:urllib3.connectionpool:https://o996770.ingest.sentry.io:443 "POST /api/5955273/envelope/ HTTP/1.1" 200 41
DEBUG:urllib3.connectionpool:https://o996770.ingest.sentry.io:443 "POST /api/5955273/envelope/ HTTP/1.1" 200 41
DEBUG:urllib3.connectionpool:https://o996770.ingest.sentry.io:443 "POST /api/5955273/envelope/ HTTP/1.1" 200 41
DEBUG:urllib3.connectionpool:https://o996770.ingest.sentry.io:443 "POST /api/5955273/envelope/ HTTP/1.1" 200 41
DEBUG:urllib3.connectionpool:https://o996770.ingest.sentry.io:443 "POST /api/5955273/envelope/ HTTP/1.1" 200 41
DEBUG:urllib3.connectionpool:https://o996770.ingest.sentry.io:443 "POST /api/5955273/envelope/ HTTP/1.1" 200 41
DEBUG:urllib3.connectionpool:https://o996770.ingest.sentry.io:443 "POST /api/5955273/envelope/ HTTP/1.1" 200 41
DEBUG:urllib3.connectionpool:https://o996770.ingest.sentry.io:443 "POST /api/5955273/envelope/ HTTP/1.1" 200 41
DEBUG:urllib3.connectionpool:https://o996770.ingest.sentry.io:443 "POST /api/5955273/envelope/ HTTP/1.1" 200 41
DEBUG:urllib3.connectionpool:https://o996770.ingest.sentry.io:443 "POST /api/5955273/envelope/ HTTP/1.1" 200 41
DEBUG:urllib3.connectionpool:https://o996770.ingest.sentry.io:443 "POST /api/5955273/envelope/ HTTP/1.1" 200 41
DEBUG:urllib3.connectionpool:https://o996770.ingest.sentry.io:443 "POST /api/5955273/envelope/ HTTP/1.1" 200 41
DEBUG:urllib3.connectionpool:https://o996770.ingest.sentry.io:443 "POST /api/5955273/envelope/ HTTP/1.1" 200 41
DEBUG:urllib3.connectionpool:https://o996770.ingest.sentry.io:443 "POST /api/5955273/envelope/ HTTP/1.1" 200 41
DEBUG:urllib3.connectionpool:https://o996770.ingest.sentry.io:443 "POST /api/5955273/envelope/ HTTP/1.1" 200 41
DEBUG:urllib3.connectionpool:https://o996770.ingest.sentry.io:443 "POST /api/5955273/envelope/ HTTP/1.1" 200 41
DEBUG:urllib3.connectionpool:https://o996770.ingest.sentry.io:443 "POST /api/5955273/envelope/ HTTP/1.1" 200 41
DEBUG:urllib3.connectionpool:https://o996770.ingest.sentry.io:443 "POST /api/5955273/envelope/ HTTP/1.1" 200 41
DEBUG:urllib3.connectionpool:https://o996770.ingest.sentry.io:443 "POST /api/5955273/envelope/ HTTP/1.1" 200 41
DEBUG:urllib3.connectionpool:https://o996770.ingest.sentry.io:443 "POST /api/5955273/envelope/ HTTP/1.1" 200 41
DEBUG:urllib3.connectionpool:https://o996770.ingest.sentry.io:443 "POST /api/5955273/envelope/ HTTP/1.1" 200 41
DEBUG:urllib3.connectionpool:https://o996770.ingest.sentry.io:443 "POST /api/5955273/envelope/ HTTP/1.1" 200 41
DEBUG:urllib3.connectionpool:https://o996770.ingest.sentry.io:443 "POST /api/5955273/store/ HTTP/1.1" 200 41
ERROR:django.request:Internal Server Error: /graphql
Traceback (most recent call last):
  File "C:\Users\Basti\OneDrive\Documents\My Websites\Handmade Sites\Backend-Projects\Alternate-CMS\env\lib\site-packages\graphene_django\settings.py", line 74, in import_from_string
    module = importlib.import_module(module_path)
  File "c:\python39\lib\importlib\__init__.py", line 127, in import_module
    return _bootstrap._gcd_import(name[level:], package, level)
  File "<frozen importlib._bootstrap>", line 1030, in _gcd_import
  File "<frozen importlib._bootstrap>", line 1007, in _find_and_load
  File "<frozen importlib._bootstrap>", line 986, in _find_and_load_unlocked
  File "<frozen importlib._bootstrap>", line 680, in _load_unlocked
  File "<frozen importlib._bootstrap_external>", line 850, in exec_module
  File "<frozen importlib._bootstrap>", line 228, in _call_with_frames_removed
  File "C:\Users\Basti\OneDrive\Documents\My Websites\Handmade Sites\Backend-Projects\Alternate-CMS\shop\schema.py", line 4, in <module>
    from graphene_django.filter import DjangoFilterConnectionField
ImportError: cannot import name 'DjangoFilterConnectionField' from 'graphene_django.filter' (C:\Users\Basti\OneDrive\Documents\My Websites\Handmade Sites\Backend-Projects\Alternate-CMS\env\lib\site-packages\graphene_django\filter\__init__.py)

During handling of the above exception, another exception occurred:

Traceback (most recent call last):
  File "C:\Users\Basti\OneDrive\Documents\My Websites\Handmade Sites\Backend-Projects\Alternate-CMS\env\lib\site-packages\django\core\handlers\exception.py", line 34, in inner
    response = get_response(request)
  File "C:\Users\Basti\OneDrive\Documents\My Websites\Handmade Sites\Backend-Projects\Alternate-CMS\env\lib\site-packages\django\core\handlers\base.py", line 115, in _get_response
    response = self.process_exception_by_middleware(e, request)
  File "C:\Users\Basti\OneDrive\Documents\My Websites\Handmade Sites\Backend-Projects\Alternate-CMS\env\lib\site-packages\django\core\handlers\base.py", line 113, in _get_response
    response = wrapped_callback(request, *callback_args, **callback_kwargs)
  File "C:\Users\Basti\OneDrive\Documents\My Websites\Handmade Sites\Backend-Projects\Alternate-CMS\env\lib\site-packages\sentry_sdk\integrations\django\views.py", line 67, in sentry_wrapped_callback
    return callback(request, *args, **kwargs)
  File "C:\Users\Basti\OneDrive\Documents\My Websites\Handmade Sites\Backend-Projects\Alternate-CMS\env\lib\site-packages\django\views\decorators\csrf.py", line 54, in wrapped_view
    return view_func(*args, **kwargs)
  File "C:\Users\Basti\OneDrive\Documents\My Websites\Handmade Sites\Backend-Projects\Alternate-CMS\env\lib\site-packages\django\views\generic\base.py", line 62, in view
    self = cls(**initkwargs)
  File "C:\Users\Basti\OneDrive\Documents\My Websites\Handmade Sites\Backend-Projects\Alternate-CMS\env\lib\site-packages\graphene_django\views.py", line 70, in __init__
    schema = graphene_settings.SCHEMA
  File "C:\Users\Basti\OneDrive\Documents\My Websites\Handmade Sites\Backend-Projects\Alternate-CMS\env\lib\site-packages\graphene_django\settings.py", line 116, in __getattr__
    val = perform_import(val, attr)
  File "C:\Users\Basti\OneDrive\Documents\My Websites\Handmade Sites\Backend-Projects\Alternate-CMS\env\lib\site-packages\graphene_django\settings.py", line 60, in perform_import
    return import_from_string(val, setting_name)
  File "C:\Users\Basti\OneDrive\Documents\My Websites\Handmade Sites\Backend-Projects\Alternate-CMS\env\lib\site-packages\graphene_django\settings.py", line 78, in import_from_string
    raise ImportError(msg)
ImportError: Could not import 'shop.schema.schema' for Graphene setting 'SCHEMA'. ImportError: cannot import name 'DjangoFilterConnectionField' from 'graphene_django.filter' (C:\Users\Basti\OneDrive\Documents\My Websites\Handmade Sites\Backend-Projects\Alternate-CMS\env\lib\site-packages\graphene_django\filter\__init__.py).
DEBUG:urllib3.connectionpool:https://o996770.ingest.sentry.io:443 "POST /api/5955273/envelope/ HTTP/1.1" 200 41
DEBUG:urllib3.connectionpool:https://o996770.ingest.sentry.io:443 "POST /api/5955273/envelope/ HTTP/1.1" 200 2
INFO:django.utils.autoreload:Watching for file changes with StatReloader
DEBUG:urllib3.connectionpool:Starting new HTTPS connection (1): o996770.ingest.sentry.io:443
DEBUG:urllib3.connectionpool:https://o996770.ingest.sentry.io:443 "POST /api/5955273/envelope/ HTTP/1.1" 200 41
DEBUG:urllib3.connectionpool:https://o996770.ingest.sentry.io:443 "POST /api/5955273/envelope/ HTTP/1.1" 200 41
DEBUG:urllib3.connectionpool:https://o996770.ingest.sentry.io:443 "POST /api/5955273/envelope/ HTTP/1.1" 200 2
DEBUG:urllib3.connectionpool:Resetting dropped connection: o996770.ingest.sentry.io
DEBUG:urllib3.connectionpool:https://o996770.ingest.sentry.io:443 "POST /api/5955273/envelope/ HTTP/1.1" 200 41
DEBUG:urllib3.connectionpool:https://o996770.ingest.sentry.io:443 "POST /api/5955273/envelope/ HTTP/1.1" 200 2
DEBUG:urllib3.connectionpool:https://o996770.ingest.sentry.io:443 "POST /api/5955273/envelope/ HTTP/1.1" 200 41
DEBUG:urllib3.connectionpool:https://o996770.ingest.sentry.io:443 "POST /api/5955273/envelope/ HTTP/1.1" 200 41
DEBUG:urllib3.connectionpool:https://o996770.ingest.sentry.io:443 "POST /api/5955273/envelope/ HTTP/1.1" 200 41
DEBUG:urllib3.connectionpool:https://o996770.ingest.sentry.io:443 "POST /api/5955273/envelope/ HTTP/1.1" 200 41
DEBUG:urllib3.connectionpool:https://o996770.ingest.sentry.io:443 "POST /api/5955273/envelope/ HTTP/1.1" 200 41
DEBUG:urllib3.connectionpool:https://o996770.ingest.sentry.io:443 "POST /api/5955273/envelope/ HTTP/1.1" 200 41
DEBUG:urllib3.connectionpool:https://o996770.ingest.sentry.io:443 "POST /api/5955273/envelope/ HTTP/1.1" 200 41
DEBUG:urllib3.connectionpool:https://o996770.ingest.sentry.io:443 "POST /api/5955273/envelope/ HTTP/1.1" 200 41
DEBUG:urllib3.connectionpool:https://o996770.ingest.sentry.io:443 "POST /api/5955273/envelope/ HTTP/1.1" 200 41
DEBUG:urllib3.connectionpool:https://o996770.ingest.sentry.io:443 "POST /api/5955273/envelope/ HTTP/1.1" 200 41
DEBUG:urllib3.connectionpool:https://o996770.ingest.sentry.io:443 "POST /api/5955273/envelope/ HTTP/1.1" 200 41
DEBUG:urllib3.connectionpool:https://o996770.ingest.sentry.io:443 "POST /api/5955273/envelope/ HTTP/1.1" 200 41
DEBUG:urllib3.connectionpool:https://o996770.ingest.sentry.io:443 "POST /api/5955273/envelope/ HTTP/1.1" 200 41
DEBUG:urllib3.connectionpool:https://o996770.ingest.sentry.io:443 "POST /api/5955273/envelope/ HTTP/1.1" 200 41
DEBUG:urllib3.connectionpool:https://o996770.ingest.sentry.io:443 "POST /api/5955273/envelope/ HTTP/1.1" 200 41
DEBUG:urllib3.connectionpool:https://o996770.ingest.sentry.io:443 "POST /api/5955273/envelope/ HTTP/1.1" 200 41
DEBUG:urllib3.connectionpool:https://o996770.ingest.sentry.io:443 "POST /api/5955273/envelope/ HTTP/1.1" 200 41
DEBUG:urllib3.connectionpool:https://o996770.ingest.sentry.io:443 "POST /api/5955273/envelope/ HTTP/1.1" 200 41
DEBUG:urllib3.connectionpool:https://o996770.ingest.sentry.io:443 "POST /api/5955273/envelope/ HTTP/1.1" 200 41
DEBUG:urllib3.connectionpool:https://o996770.ingest.sentry.io:443 "POST /api/5955273/envelope/ HTTP/1.1" 200 41
DEBUG:urllib3.connectionpool:https://o996770.ingest.sentry.io:443 "POST /api/5955273/envelope/ HTTP/1.1" 200 41
DEBUG:urllib3.connectionpool:https://o996770.ingest.sentry.io:443 "POST /api/5955273/envelope/ HTTP/1.1" 200 41
DEBUG:urllib3.connectionpool:https://o996770.ingest.sentry.io:443 "POST /api/5955273/envelope/ HTTP/1.1" 200 41
DEBUG:urllib3.connectionpool:https://o996770.ingest.sentry.io:443 "POST /api/5955273/envelope/ HTTP/1.1" 200 41
DEBUG:urllib3.connectionpool:https://o996770.ingest.sentry.io:443 "POST /api/5955273/envelope/ HTTP/1.1" 200 41
DEBUG:urllib3.connectionpool:https://o996770.ingest.sentry.io:443 "POST /api/5955273/envelope/ HTTP/1.1" 200 41
DEBUG:urllib3.connectionpool:https://o996770.ingest.sentry.io:443 "POST /api/5955273/envelope/ HTTP/1.1" 200 41
DEBUG:urllib3.connectionpool:https://o996770.ingest.sentry.io:443 "POST /api/5955273/envelope/ HTTP/1.1" 200 41
DEBUG:urllib3.connectionpool:https://o996770.ingest.sentry.io:443 "POST /api/5955273/envelope/ HTTP/1.1" 200 41
DEBUG:urllib3.connectionpool:https://o996770.ingest.sentry.io:443 "POST /api/5955273/envelope/ HTTP/1.1" 200 41
DEBUG:urllib3.connectionpool:https://o996770.ingest.sentry.io:443 "POST /api/5955273/envelope/ HTTP/1.1" 200 41
DEBUG:urllib3.connectionpool:https://o996770.ingest.sentry.io:443 "POST /api/5955273/envelope/ HTTP/1.1" 200 41
DEBUG:urllib3.connectionpool:https://o996770.ingest.sentry.io:443 "POST /api/5955273/envelope/ HTTP/1.1" 200 41
DEBUG:urllib3.connectionpool:https://o996770.ingest.sentry.io:443 "POST /api/5955273/envelope/ HTTP/1.1" 200 41
DEBUG:urllib3.connectionpool:https://o996770.ingest.sentry.io:443 "POST /api/5955273/envelope/ HTTP/1.1" 200 41
DEBUG:urllib3.connectionpool:https://o996770.ingest.sentry.io:443 "POST /api/5955273/envelope/ HTTP/1.1" 200 41
DEBUG:urllib3.connectionpool:https://o996770.ingest.sentry.io:443 "POST /api/5955273/envelope/ HTTP/1.1" 200 41
DEBUG:urllib3.connectionpool:https://o996770.ingest.sentry.io:443 "POST /api/5955273/envelope/ HTTP/1.1" 200 41
DEBUG:urllib3.connectionpool:https://o996770.ingest.sentry.io:443 "POST /api/5955273/envelope/ HTTP/1.1" 200 41
DEBUG:urllib3.connectionpool:https://o996770.ingest.sentry.io:443 "POST /api/5955273/envelope/ HTTP/1.1" 200 41
DEBUG:urllib3.connectionpool:https://o996770.ingest.sentry.io:443 "POST /api/5955273/envelope/ HTTP/1.1" 200 41
DEBUG:urllib3.connectionpool:https://o996770.ingest.sentry.io:443 "POST /api/5955273/envelope/ HTTP/1.1" 200 2
DEBUG:urllib3.connectionpool:https://o996770.ingest.sentry.io:443 "POST /api/5955273/envelope/ HTTP/1.1" 200 41
DEBUG:urllib3.connectionpool:https://o996770.ingest.sentry.io:443 "POST /api/5955273/envelope/ HTTP/1.1" 200 41
DEBUG:urllib3.connectionpool:https://o996770.ingest.sentry.io:443 "POST /api/5955273/envelope/ HTTP/1.1" 200 41
DEBUG:urllib3.connectionpool:https://o996770.ingest.sentry.io:443 "POST /api/5955273/envelope/ HTTP/1.1" 200 41
DEBUG:urllib3.connectionpool:https://o996770.ingest.sentry.io:443 "POST /api/5955273/envelope/ HTTP/1.1" 200 41
DEBUG:urllib3.connectionpool:https://o996770.ingest.sentry.io:443 "POST /api/5955273/envelope/ HTTP/1.1" 200 41
DEBUG:urllib3.connectionpool:https://o996770.ingest.sentry.io:443 "POST /api/5955273/envelope/ HTTP/1.1" 200 41
DEBUG:urllib3.connectionpool:https://o996770.ingest.sentry.io:443 "POST /api/5955273/envelope/ HTTP/1.1" 200 41
DEBUG:urllib3.connectionpool:https://o996770.ingest.sentry.io:443 "POST /api/5955273/envelope/ HTTP/1.1" 200 41
DEBUG:urllib3.connectionpool:https://o996770.ingest.sentry.io:443 "POST /api/5955273/envelope/ HTTP/1.1" 200 41
DEBUG:urllib3.connectionpool:https://o996770.ingest.sentry.io:443 "POST /api/5955273/envelope/ HTTP/1.1" 200 41
DEBUG:urllib3.connectionpool:https://o996770.ingest.sentry.io:443 "POST /api/5955273/envelope/ HTTP/1.1" 200 41
DEBUG:urllib3.connectionpool:https://o996770.ingest.sentry.io:443 "POST /api/5955273/envelope/ HTTP/1.1" 200 41
DEBUG:urllib3.connectionpool:https://o996770.ingest.sentry.io:443 "POST /api/5955273/envelope/ HTTP/1.1" 200 41
DEBUG:urllib3.connectionpool:https://o996770.ingest.sentry.io:443 "POST /api/5955273/envelope/ HTTP/1.1" 200 41
DEBUG:urllib3.connectionpool:https://o996770.ingest.sentry.io:443 "POST /api/5955273/envelope/ HTTP/1.1" 200 41
DEBUG:urllib3.connectionpool:https://o996770.ingest.sentry.io:443 "POST /api/5955273/envelope/ HTTP/1.1" 200 41
DEBUG:urllib3.connectionpool:https://o996770.ingest.sentry.io:443 "POST /api/5955273/envelope/ HTTP/1.1" 200 41
DEBUG:urllib3.connectionpool:https://o996770.ingest.sentry.io:443 "POST /api/5955273/envelope/ HTTP/1.1" 200 41
DEBUG:urllib3.connectionpool:https://o996770.ingest.sentry.io:443 "POST /api/5955273/envelope/ HTTP/1.1" 200 41
DEBUG:urllib3.connectionpool:https://o996770.ingest.sentry.io:443 "POST /api/5955273/envelope/ HTTP/1.1" 200 41
DEBUG:urllib3.connectionpool:https://o996770.ingest.sentry.io:443 "POST /api/5955273/envelope/ HTTP/1.1" 200 41
DEBUG:urllib3.connectionpool:https://o996770.ingest.sentry.io:443 "POST /api/5955273/envelope/ HTTP/1.1" 200 2
DEBUG:urllib3.connectionpool:https://o996770.ingest.sentry.io:443 "POST /api/5955273/envelope/ HTTP/1.1" 200 41
DEBUG:urllib3.connectionpool:https://o996770.ingest.sentry.io:443 "POST /api/5955273/envelope/ HTTP/1.1" 200 41
DEBUG:urllib3.connectionpool:https://o996770.ingest.sentry.io:443 "POST /api/5955273/envelope/ HTTP/1.1" 200 41
DEBUG:urllib3.connectionpool:https://o996770.ingest.sentry.io:443 "POST /api/5955273/envelope/ HTTP/1.1" 200 41
DEBUG:urllib3.connectionpool:https://o996770.ingest.sentry.io:443 "POST /api/5955273/envelope/ HTTP/1.1" 200 41
DEBUG:urllib3.connectionpool:https://o996770.ingest.sentry.io:443 "POST /api/5955273/envelope/ HTTP/1.1" 200 41
DEBUG:urllib3.connectionpool:https://o996770.ingest.sentry.io:443 "POST /api/5955273/envelope/ HTTP/1.1" 200 41
DEBUG:urllib3.connectionpool:https://o996770.ingest.sentry.io:443 "POST /api/5955273/envelope/ HTTP/1.1" 200 41
DEBUG:urllib3.connectionpool:https://o996770.ingest.sentry.io:443 "POST /api/5955273/envelope/ HTTP/1.1" 200 2
DEBUG:urllib3.connectionpool:https://o996770.ingest.sentry.io:443 "POST /api/5955273/envelope/ HTTP/1.1" 200 41
DEBUG:urllib3.connectionpool:https://o996770.ingest.sentry.io:443 "POST /api/5955273/envelope/ HTTP/1.1" 200 41
DEBUG:urllib3.connectionpool:https://o996770.ingest.sentry.io:443 "POST /api/5955273/envelope/ HTTP/1.1" 200 41
DEBUG:urllib3.connectionpool:https://o996770.ingest.sentry.io:443 "POST /api/5955273/envelope/ HTTP/1.1" 200 41
DEBUG:urllib3.connectionpool:https://o996770.ingest.sentry.io:443 "POST /api/5955273/envelope/ HTTP/1.1" 200 41
DEBUG:urllib3.connectionpool:https://o996770.ingest.sentry.io:443 "POST /api/5955273/envelope/ HTTP/1.1" 200 41
DEBUG:urllib3.connectionpool:https://o996770.ingest.sentry.io:443 "POST /api/5955273/envelope/ HTTP/1.1" 200 41
DEBUG:urllib3.connectionpool:https://o996770.ingest.sentry.io:443 "POST /api/5955273/envelope/ HTTP/1.1" 200 41
DEBUG:urllib3.connectionpool:https://o996770.ingest.sentry.io:443 "POST /api/5955273/envelope/ HTTP/1.1" 200 41
DEBUG:urllib3.connectionpool:https://o996770.ingest.sentry.io:443 "POST /api/5955273/envelope/ HTTP/1.1" 200 41
DEBUG:urllib3.connectionpool:https://o996770.ingest.sentry.io:443 "POST /api/5955273/envelope/ HTTP/1.1" 200 41
DEBUG:urllib3.connectionpool:https://o996770.ingest.sentry.io:443 "POST /api/5955273/envelope/ HTTP/1.1" 200 41
DEBUG:urllib3.connectionpool:https://o996770.ingest.sentry.io:443 "POST /api/5955273/envelope/ HTTP/1.1" 200 41
DEBUG:urllib3.connectionpool:https://o996770.ingest.sentry.io:443 "POST /api/5955273/envelope/ HTTP/1.1" 200 41
DEBUG:urllib3.connectionpool:https://o996770.ingest.sentry.io:443 "POST /api/5955273/envelope/ HTTP/1.1" 200 41
DEBUG:urllib3.connectionpool:https://o996770.ingest.sentry.io:443 "POST /api/5955273/envelope/ HTTP/1.1" 200 41
DEBUG:urllib3.connectionpool:https://o996770.ingest.sentry.io:443 "POST /api/5955273/envelope/ HTTP/1.1" 200 41
DEBUG:urllib3.connectionpool:https://o996770.ingest.sentry.io:443 "POST /api/5955273/envelope/ HTTP/1.1" 200 2
DEBUG:urllib3.connectionpool:https://o996770.ingest.sentry.io:443 "POST /api/5955273/envelope/ HTTP/1.1" 200 41
DEBUG:urllib3.connectionpool:https://o996770.ingest.sentry.io:443 "POST /api/5955273/envelope/ HTTP/1.1" 200 41
DEBUG:urllib3.connectionpool:https://o996770.ingest.sentry.io:443 "POST /api/5955273/envelope/ HTTP/1.1" 200 41
DEBUG:urllib3.connectionpool:https://o996770.ingest.sentry.io:443 "POST /api/5955273/envelope/ HTTP/1.1" 200 2
DEBUG:urllib3.connectionpool:https://o996770.ingest.sentry.io:443 "POST /api/5955273/envelope/ HTTP/1.1" 200 41
DEBUG:urllib3.connectionpool:https://o996770.ingest.sentry.io:443 "POST /api/5955273/envelope/ HTTP/1.1" 200 41
DEBUG:urllib3.connectionpool:https://o996770.ingest.sentry.io:443 "POST /api/5955273/envelope/ HTTP/1.1" 200 41
DEBUG:urllib3.connectionpool:https://o996770.ingest.sentry.io:443 "POST /api/5955273/envelope/ HTTP/1.1" 200 41
DEBUG:urllib3.connectionpool:https://o996770.ingest.sentry.io:443 "POST /api/5955273/envelope/ HTTP/1.1" 200 41
DEBUG:urllib3.connectionpool:https://o996770.ingest.sentry.io:443 "POST /api/5955273/envelope/ HTTP/1.1" 200 41
DEBUG:urllib3.connectionpool:https://o996770.ingest.sentry.io:443 "POST /api/5955273/envelope/ HTTP/1.1" 200 41
DEBUG:urllib3.connectionpool:https://o996770.ingest.sentry.io:443 "POST /api/5955273/envelope/ HTTP/1.1" 200 2
INFO:django.utils.autoreload:Watching for file changes with StatReloader
DEBUG:urllib3.connectionpool:Starting new HTTPS connection (1): o996770.ingest.sentry.io:443
DEBUG:urllib3.connectionpool:https://o996770.ingest.sentry.io:443 "POST /api/5955273/envelope/ HTTP/1.1" 200 41
DEBUG:urllib3.connectionpool:https://o996770.ingest.sentry.io:443 "POST /api/5955273/envelope/ HTTP/1.1" 200 2
DEBUG:urllib3.connectionpool:https://o996770.ingest.sentry.io:443 "POST /api/5955273/envelope/ HTTP/1.1" 200 41
DEBUG:urllib3.connectionpool:https://o996770.ingest.sentry.io:443 "POST /api/5955273/envelope/ HTTP/1.1" 200 2
WARNING:django.request:Not Found: /http:/fuwu.sogou.com/404/index.html
WARNING:django.request:Not Found: /http:/fuwu.sogou.com/404/index.html
DEBUG:urllib3.connectionpool:Resetting dropped connection: o996770.ingest.sentry.io
DEBUG:urllib3.connectionpool:https://o996770.ingest.sentry.io:443 "POST /api/5955273/envelope/ HTTP/1.1" 200 41
DEBUG:urllib3.connectionpool:https://o996770.ingest.sentry.io:443 "POST /api/5955273/envelope/ HTTP/1.1" 200 41
DEBUG:urllib3.connectionpool:https://o996770.ingest.sentry.io:443 "POST /api/5955273/envelope/ HTTP/1.1" 200 2
WARNING:django.request:Not Found: /smtp.aol.com:25
DEBUG:urllib3.connectionpool:Resetting dropped connection: o996770.ingest.sentry.io
DEBUG:urllib3.connectionpool:https://o996770.ingest.sentry.io:443 "POST /api/5955273/envelope/ HTTP/1.1" 200 41
DEBUG:urllib3.connectionpool:https://o996770.ingest.sentry.io:443 "POST /api/5955273/envelope/ HTTP/1.1" 200 2
WARNING:django.request:Not Found: /85.206.160.115:80
DEBUG:urllib3.connectionpool:Resetting dropped connection: o996770.ingest.sentry.io
DEBUG:urllib3.connectionpool:https://o996770.ingest.sentry.io:443 "POST /api/5955273/envelope/ HTTP/1.1" 200 41
DEBUG:urllib3.connectionpool:https://o996770.ingest.sentry.io:443 "POST /api/5955273/envelope/ HTTP/1.1" 200 2
DEBUG:urllib3.connectionpool:Resetting dropped connection: o996770.ingest.sentry.io
DEBUG:urllib3.connectionpool:https://o996770.ingest.sentry.io:443 "POST /api/5955273/envelope/ HTTP/1.1" 200 41
DEBUG:urllib3.connectionpool:https://o996770.ingest.sentry.io:443 "POST /api/5955273/envelope/ HTTP/1.1" 200 2
INFO:django.utils.autoreload:Watching for file changes with StatReloader
INFO:django.utils.autoreload:Watching for file changes with StatReloader
DEBUG:urllib3.connectionpool:Starting new HTTPS connection (1): o996770.ingest.sentry.io:443
DEBUG:urllib3.connectionpool:https://o996770.ingest.sentry.io:443 "POST /api/5955273/envelope/ HTTP/1.1" 200 41
DEBUG:urllib3.connectionpool:https://o996770.ingest.sentry.io:443 "POST /api/5955273/envelope/ HTTP/1.1" 200 2
WARNING:django.request:Not Found: /http:/fuwu.sogou.com/404/index.html
WARNING:django.request:Not Found: /http:/fuwu.sogou.com/404/index.html
DEBUG:urllib3.connectionpool:Resetting dropped connection: o996770.ingest.sentry.io
DEBUG:urllib3.connectionpool:https://o996770.ingest.sentry.io:443 "POST /api/5955273/envelope/ HTTP/1.1" 200 41
DEBUG:urllib3.connectionpool:https://o996770.ingest.sentry.io:443 "POST /api/5955273/envelope/ HTTP/1.1" 200 41
DEBUG:urllib3.connectionpool:https://o996770.ingest.sentry.io:443 "POST /api/5955273/envelope/ HTTP/1.1" 200 2
DEBUG:urllib3.connectionpool:Resetting dropped connection: o996770.ingest.sentry.io
DEBUG:urllib3.connectionpool:https://o996770.ingest.sentry.io:443 "POST /api/5955273/envelope/ HTTP/1.1" 200 41
DEBUG:urllib3.connectionpool:https://o996770.ingest.sentry.io:443 "POST /api/5955273/envelope/ HTTP/1.1" 200 2
DEBUG:urllib3.connectionpool:Resetting dropped connection: o996770.ingest.sentry.io
DEBUG:urllib3.util.retry:Incremented Retry for (url='/api/5955273/envelope/'): Retry(total=2, connect=None, read=None, redirect=None, status=None)
WARNING:urllib3.connectionpool:Retrying (Retry(total=2, connect=None, read=None, redirect=None, status=None)) after connection broken by 'SSLError(SSLEOFError(8, 'EOF occurred in violation of protocol (_ssl.c:1129)'))': /api/5955273/envelope/
DEBUG:urllib3.connectionpool:Starting new HTTPS connection (2): o996770.ingest.sentry.io:443
DEBUG:urllib3.util.retry:Incremented Retry for (url='/api/5955273/envelope/'): Retry(total=1, connect=None, read=None, redirect=None, status=None)
WARNING:urllib3.connectionpool:Retrying (Retry(total=1, connect=None, read=None, redirect=None, status=None)) after connection broken by 'SSLError(SSLEOFError(8, 'EOF occurred in violation of protocol (_ssl.c:1129)'))': /api/5955273/envelope/
DEBUG:urllib3.connectionpool:Starting new HTTPS connection (3): o996770.ingest.sentry.io:443
DEBUG:urllib3.util.retry:Incremented Retry for (url='/api/5955273/envelope/'): Retry(total=0, connect=None, read=None, redirect=None, status=None)
WARNING:urllib3.connectionpool:Retrying (Retry(total=0, connect=None, read=None, redirect=None, status=None)) after connection broken by 'SSLError(SSLEOFError(8, 'EOF occurred in violation of protocol (_ssl.c:1129)'))': /api/5955273/envelope/
DEBUG:urllib3.connectionpool:Starting new HTTPS connection (4): o996770.ingest.sentry.io:443
DEBUG:urllib3.connectionpool:Starting new HTTPS connection (5): o996770.ingest.sentry.io:443
DEBUG:urllib3.util.retry:Incremented Retry for (url='/api/5955273/envelope/'): Retry(total=2, connect=None, read=None, redirect=None, status=None)
WARNING:urllib3.connectionpool:Retrying (Retry(total=2, connect=None, read=None, redirect=None, status=None)) after connection broken by 'SSLError(SSLEOFError(8, 'EOF occurred in violation of protocol (_ssl.c:1129)'))': /api/5955273/envelope/
DEBUG:urllib3.connectionpool:Starting new HTTPS connection (6): o996770.ingest.sentry.io:443
DEBUG:urllib3.util.retry:Incremented Retry for (url='/api/5955273/envelope/'): Retry(total=1, connect=None, read=None, redirect=None, status=None)
WARNING:urllib3.connectionpool:Retrying (Retry(total=1, connect=None, read=None, redirect=None, status=None)) after connection broken by 'SSLError(SSLEOFError(8, 'EOF occurred in violation of protocol (_ssl.c:1129)'))': /api/5955273/envelope/
DEBUG:urllib3.connectionpool:Starting new HTTPS connection (7): o996770.ingest.sentry.io:443
DEBUG:urllib3.util.retry:Incremented Retry for (url='/api/5955273/envelope/'): Retry(total=0, connect=None, read=None, redirect=None, status=None)
WARNING:urllib3.connectionpool:Retrying (Retry(total=0, connect=None, read=None, redirect=None, status=None)) after connection broken by 'SSLError(SSLEOFError(8, 'EOF occurred in violation of protocol (_ssl.c:1129)'))': /api/5955273/envelope/
DEBUG:urllib3.connectionpool:Starting new HTTPS connection (8): o996770.ingest.sentry.io:443
INFO:django.utils.autoreload:Watching for file changes with StatReloader
INFO:django.utils.autoreload:Watching for file changes with StatReloader
DEBUG:urllib3.connectionpool:Starting new HTTPS connection (1): o996770.ingest.sentry.io:443
DEBUG:urllib3.connectionpool:https://o996770.ingest.sentry.io:443 "POST /api/5955273/envelope/ HTTP/1.1" 200 41
DEBUG:urllib3.connectionpool:https://o996770.ingest.sentry.io:443 "POST /api/5955273/envelope/ HTTP/1.1" 200 41
DEBUG:urllib3.connectionpool:https://o996770.ingest.sentry.io:443 "POST /api/5955273/envelope/ HTTP/1.1" 200 41
DEBUG:urllib3.connectionpool:https://o996770.ingest.sentry.io:443 "POST /api/5955273/envelope/ HTTP/1.1" 200 41
DEBUG:urllib3.connectionpool:https://o996770.ingest.sentry.io:443 "POST /api/5955273/envelope/ HTTP/1.1" 200 41
DEBUG:urllib3.connectionpool:https://o996770.ingest.sentry.io:443 "POST /api/5955273/envelope/ HTTP/1.1" 200 41
DEBUG:urllib3.connectionpool:https://o996770.ingest.sentry.io:443 "POST /api/5955273/envelope/ HTTP/1.1" 200 41
DEBUG:urllib3.connectionpool:https://o996770.ingest.sentry.io:443 "POST /api/5955273/envelope/ HTTP/1.1" 200 41
DEBUG:urllib3.connectionpool:https://o996770.ingest.sentry.io:443 "POST /api/5955273/envelope/ HTTP/1.1" 200 41
DEBUG:urllib3.connectionpool:https://o996770.ingest.sentry.io:443 "POST /api/5955273/envelope/ HTTP/1.1" 200 41
DEBUG:urllib3.connectionpool:https://o996770.ingest.sentry.io:443 "POST /api/5955273/envelope/ HTTP/1.1" 200 41
DEBUG:urllib3.connectionpool:https://o996770.ingest.sentry.io:443 "POST /api/5955273/envelope/ HTTP/1.1" 200 41
DEBUG:urllib3.connectionpool:https://o996770.ingest.sentry.io:443 "POST /api/5955273/envelope/ HTTP/1.1" 200 41
DEBUG:urllib3.connectionpool:https://o996770.ingest.sentry.io:443 "POST /api/5955273/envelope/ HTTP/1.1" 200 41
DEBUG:urllib3.connectionpool:https://o996770.ingest.sentry.io:443 "POST /api/5955273/envelope/ HTTP/1.1" 200 41
DEBUG:urllib3.connectionpool:https://o996770.ingest.sentry.io:443 "POST /api/5955273/envelope/ HTTP/1.1" 200 41
DEBUG:urllib3.connectionpool:https://o996770.ingest.sentry.io:443 "POST /api/5955273/envelope/ HTTP/1.1" 200 41
DEBUG:urllib3.connectionpool:https://o996770.ingest.sentry.io:443 "POST /api/5955273/envelope/ HTTP/1.1" 200 41
DEBUG:urllib3.connectionpool:https://o996770.ingest.sentry.io:443 "POST /api/5955273/envelope/ HTTP/1.1" 200 41
DEBUG:urllib3.connectionpool:https://o996770.ingest.sentry.io:443 "POST /api/5955273/envelope/ HTTP/1.1" 200 41
DEBUG:urllib3.connectionpool:https://o996770.ingest.sentry.io:443 "POST /api/5955273/envelope/ HTTP/1.1" 200 41
DEBUG:urllib3.connectionpool:https://o996770.ingest.sentry.io:443 "POST /api/5955273/envelope/ HTTP/1.1" 200 41
DEBUG:urllib3.connectionpool:https://o996770.ingest.sentry.io:443 "POST /api/5955273/envelope/ HTTP/1.1" 200 41
DEBUG:urllib3.connectionpool:https://o996770.ingest.sentry.io:443 "POST /api/5955273/envelope/ HTTP/1.1" 200 41
DEBUG:urllib3.connectionpool:https://o996770.ingest.sentry.io:443 "POST /api/5955273/envelope/ HTTP/1.1" 200 41
DEBUG:urllib3.connectionpool:https://o996770.ingest.sentry.io:443 "POST /api/5955273/envelope/ HTTP/1.1" 200 41
DEBUG:urllib3.connectionpool:https://o996770.ingest.sentry.io:443 "POST /api/5955273/envelope/ HTTP/1.1" 200 41
DEBUG:urllib3.connectionpool:https://o996770.ingest.sentry.io:443 "POST /api/5955273/envelope/ HTTP/1.1" 200 41
DEBUG:urllib3.connectionpool:https://o996770.ingest.sentry.io:443 "POST /api/5955273/envelope/ HTTP/1.1" 200 41
DEBUG:urllib3.connectionpool:https://o996770.ingest.sentry.io:443 "POST /api/5955273/envelope/ HTTP/1.1" 200 41
DEBUG:urllib3.connectionpool:https://o996770.ingest.sentry.io:443 "POST /api/5955273/envelope/ HTTP/1.1" 200 41
DEBUG:urllib3.connectionpool:https://o996770.ingest.sentry.io:443 "POST /api/5955273/envelope/ HTTP/1.1" 200 41
DEBUG:urllib3.connectionpool:https://o996770.ingest.sentry.io:443 "POST /api/5955273/envelope/ HTTP/1.1" 200 41
DEBUG:urllib3.connectionpool:https://o996770.ingest.sentry.io:443 "POST /api/5955273/envelope/ HTTP/1.1" 200 41
WARNING:django.request:Not Found: /en/favicon.ico/
DEBUG:urllib3.connectionpool:https://o996770.ingest.sentry.io:443 "POST /api/5955273/envelope/ HTTP/1.1" 200 41
DEBUG:urllib3.connectionpool:https://o996770.ingest.sentry.io:443 "POST /api/5955273/envelope/ HTTP/1.1" 200 2
DEBUG:urllib3.connectionpool:https://o996770.ingest.sentry.io:443 "POST /api/5955273/envelope/ HTTP/1.1" 200 41
DEBUG:urllib3.connectionpool:https://o996770.ingest.sentry.io:443 "POST /api/5955273/envelope/ HTTP/1.1" 200 41
DEBUG:urllib3.connectionpool:https://o996770.ingest.sentry.io:443 "POST /api/5955273/envelope/ HTTP/1.1" 200 41
DEBUG:urllib3.connectionpool:https://o996770.ingest.sentry.io:443 "POST /api/5955273/envelope/ HTTP/1.1" 200 41
DEBUG:urllib3.connectionpool:https://o996770.ingest.sentry.io:443 "POST /api/5955273/envelope/ HTTP/1.1" 200 41
DEBUG:urllib3.connectionpool:https://o996770.ingest.sentry.io:443 "POST /api/5955273/envelope/ HTTP/1.1" 200 41
DEBUG:urllib3.connectionpool:https://o996770.ingest.sentry.io:443 "POST /api/5955273/envelope/ HTTP/1.1" 200 41
DEBUG:urllib3.connectionpool:https://o996770.ingest.sentry.io:443 "POST /api/5955273/envelope/ HTTP/1.1" 200 41
DEBUG:urllib3.connectionpool:https://o996770.ingest.sentry.io:443 "POST /api/5955273/envelope/ HTTP/1.1" 200 41
DEBUG:urllib3.connectionpool:https://o996770.ingest.sentry.io:443 "POST /api/5955273/envelope/ HTTP/1.1" 200 41
DEBUG:urllib3.connectionpool:https://o996770.ingest.sentry.io:443 "POST /api/5955273/envelope/ HTTP/1.1" 200 41
DEBUG:urllib3.connectionpool:https://o996770.ingest.sentry.io:443 "POST /api/5955273/envelope/ HTTP/1.1" 200 41
DEBUG:urllib3.connectionpool:https://o996770.ingest.sentry.io:443 "POST /api/5955273/envelope/ HTTP/1.1" 200 41
DEBUG:urllib3.connectionpool:https://o996770.ingest.sentry.io:443 "POST /api/5955273/envelope/ HTTP/1.1" 200 41
DEBUG:urllib3.connectionpool:https://o996770.ingest.sentry.io:443 "POST /api/5955273/envelope/ HTTP/1.1" 200 41
DEBUG:urllib3.connectionpool:https://o996770.ingest.sentry.io:443 "POST /api/5955273/envelope/ HTTP/1.1" 200 41
DEBUG:urllib3.connectionpool:https://o996770.ingest.sentry.io:443 "POST /api/5955273/envelope/ HTTP/1.1" 200 41
DEBUG:urllib3.connectionpool:https://o996770.ingest.sentry.io:443 "POST /api/5955273/envelope/ HTTP/1.1" 200 41
DEBUG:urllib3.connectionpool:https://o996770.ingest.sentry.io:443 "POST /api/5955273/envelope/ HTTP/1.1" 200 41
DEBUG:urllib3.connectionpool:https://o996770.ingest.sentry.io:443 "POST /api/5955273/envelope/ HTTP/1.1" 200 41
DEBUG:urllib3.connectionpool:https://o996770.ingest.sentry.io:443 "POST /api/5955273/envelope/ HTTP/1.1" 200 41
DEBUG:urllib3.connectionpool:https://o996770.ingest.sentry.io:443 "POST /api/5955273/envelope/ HTTP/1.1" 200 41
DEBUG:urllib3.connectionpool:https://o996770.ingest.sentry.io:443 "POST /api/5955273/envelope/ HTTP/1.1" 200 41
DEBUG:urllib3.connectionpool:https://o996770.ingest.sentry.io:443 "POST /api/5955273/envelope/ HTTP/1.1" 200 41
DEBUG:urllib3.connectionpool:https://o996770.ingest.sentry.io:443 "POST /api/5955273/envelope/ HTTP/1.1" 200 41
DEBUG:urllib3.connectionpool:https://o996770.ingest.sentry.io:443 "POST /api/5955273/envelope/ HTTP/1.1" 200 41
DEBUG:urllib3.connectionpool:https://o996770.ingest.sentry.io:443 "POST /api/5955273/envelope/ HTTP/1.1" 200 41
DEBUG:urllib3.connectionpool:https://o996770.ingest.sentry.io:443 "POST /api/5955273/envelope/ HTTP/1.1" 200 41
DEBUG:urllib3.connectionpool:https://o996770.ingest.sentry.io:443 "POST /api/5955273/envelope/ HTTP/1.1" 200 41
DEBUG:urllib3.connectionpool:https://o996770.ingest.sentry.io:443 "POST /api/5955273/envelope/ HTTP/1.1" 200 41
DEBUG:urllib3.connectionpool:https://o996770.ingest.sentry.io:443 "POST /api/5955273/envelope/ HTTP/1.1" 200 41
DEBUG:urllib3.connectionpool:https://o996770.ingest.sentry.io:443 "POST /api/5955273/envelope/ HTTP/1.1" 200 41
DEBUG:urllib3.connectionpool:https://o996770.ingest.sentry.io:443 "POST /api/5955273/envelope/ HTTP/1.1" 200 41
DEBUG:urllib3.connectionpool:https://o996770.ingest.sentry.io:443 "POST /api/5955273/envelope/ HTTP/1.1" 200 41
DEBUG:urllib3.connectionpool:https://o996770.ingest.sentry.io:443 "POST /api/5955273/envelope/ HTTP/1.1" 200 41
DEBUG:urllib3.connectionpool:https://o996770.ingest.sentry.io:443 "POST /api/5955273/envelope/ HTTP/1.1" 200 41
DEBUG:urllib3.connectionpool:https://o996770.ingest.sentry.io:443 "POST /api/5955273/envelope/ HTTP/1.1" 200 41
DEBUG:urllib3.connectionpool:https://o996770.ingest.sentry.io:443 "POST /api/5955273/envelope/ HTTP/1.1" 200 41
DEBUG:urllib3.connectionpool:https://o996770.ingest.sentry.io:443 "POST /api/5955273/envelope/ HTTP/1.1" 200 41
DEBUG:urllib3.connectionpool:https://o996770.ingest.sentry.io:443 "POST /api/5955273/envelope/ HTTP/1.1" 200 41
DEBUG:urllib3.connectionpool:https://o996770.ingest.sentry.io:443 "POST /api/5955273/envelope/ HTTP/1.1" 200 41
DEBUG:urllib3.connectionpool:https://o996770.ingest.sentry.io:443 "POST /api/5955273/envelope/ HTTP/1.1" 200 41
DEBUG:urllib3.connectionpool:https://o996770.ingest.sentry.io:443 "POST /api/5955273/envelope/ HTTP/1.1" 200 41
DEBUG:urllib3.connectionpool:https://o996770.ingest.sentry.io:443 "POST /api/5955273/envelope/ HTTP/1.1" 200 41
DEBUG:urllib3.connectionpool:https://o996770.ingest.sentry.io:443 "POST /api/5955273/envelope/ HTTP/1.1" 200 41
DEBUG:urllib3.connectionpool:https://o996770.ingest.sentry.io:443 "POST /api/5955273/envelope/ HTTP/1.1" 200 41
DEBUG:urllib3.connectionpool:https://o996770.ingest.sentry.io:443 "POST /api/5955273/envelope/ HTTP/1.1" 200 41
DEBUG:urllib3.connectionpool:https://o996770.ingest.sentry.io:443 "POST /api/5955273/envelope/ HTTP/1.1" 200 41
DEBUG:urllib3.connectionpool:https://o996770.ingest.sentry.io:443 "POST /api/5955273/envelope/ HTTP/1.1" 200 41
DEBUG:urllib3.connectionpool:https://o996770.ingest.sentry.io:443 "POST /api/5955273/envelope/ HTTP/1.1" 200 2
DEBUG:urllib3.connectionpool:https://o996770.ingest.sentry.io:443 "POST /api/5955273/envelope/ HTTP/1.1" 200 41
DEBUG:urllib3.connectionpool:https://o996770.ingest.sentry.io:443 "POST /api/5955273/envelope/ HTTP/1.1" 200 41
DEBUG:urllib3.connectionpool:https://o996770.ingest.sentry.io:443 "POST /api/5955273/envelope/ HTTP/1.1" 200 41
DEBUG:urllib3.connectionpool:https://o996770.ingest.sentry.io:443 "POST /api/5955273/envelope/ HTTP/1.1" 200 41
DEBUG:urllib3.connectionpool:https://o996770.ingest.sentry.io:443 "POST /api/5955273/envelope/ HTTP/1.1" 200 41
DEBUG:urllib3.connectionpool:https://o996770.ingest.sentry.io:443 "POST /api/5955273/envelope/ HTTP/1.1" 200 41
DEBUG:urllib3.connectionpool:https://o996770.ingest.sentry.io:443 "POST /api/5955273/envelope/ HTTP/1.1" 200 41
DEBUG:urllib3.connectionpool:https://o996770.ingest.sentry.io:443 "POST /api/5955273/envelope/ HTTP/1.1" 200 41
DEBUG:urllib3.connectionpool:https://o996770.ingest.sentry.io:443 "POST /api/5955273/envelope/ HTTP/1.1" 200 41
DEBUG:urllib3.connectionpool:https://o996770.ingest.sentry.io:443 "POST /api/5955273/envelope/ HTTP/1.1" 200 41
DEBUG:urllib3.connectionpool:https://o996770.ingest.sentry.io:443 "POST /api/5955273/envelope/ HTTP/1.1" 200 41
DEBUG:urllib3.connectionpool:https://o996770.ingest.sentry.io:443 "POST /api/5955273/envelope/ HTTP/1.1" 200 41
DEBUG:urllib3.connectionpool:https://o996770.ingest.sentry.io:443 "POST /api/5955273/envelope/ HTTP/1.1" 200 41
DEBUG:urllib3.connectionpool:https://o996770.ingest.sentry.io:443 "POST /api/5955273/envelope/ HTTP/1.1" 200 2
DEBUG:urllib3.connectionpool:https://o996770.ingest.sentry.io:443 "POST /api/5955273/envelope/ HTTP/1.1" 200 41
DEBUG:urllib3.connectionpool:https://o996770.ingest.sentry.io:443 "POST /api/5955273/envelope/ HTTP/1.1" 200 41
DEBUG:urllib3.connectionpool:https://o996770.ingest.sentry.io:443 "POST /api/5955273/envelope/ HTTP/1.1" 200 41
DEBUG:urllib3.connectionpool:https://o996770.ingest.sentry.io:443 "POST /api/5955273/envelope/ HTTP/1.1" 200 41
DEBUG:urllib3.connectionpool:https://o996770.ingest.sentry.io:443 "POST /api/5955273/envelope/ HTTP/1.1" 200 41
DEBUG:urllib3.connectionpool:https://o996770.ingest.sentry.io:443 "POST /api/5955273/envelope/ HTTP/1.1" 200 41
DEBUG:urllib3.connectionpool:https://o996770.ingest.sentry.io:443 "POST /api/5955273/envelope/ HTTP/1.1" 200 41
DEBUG:urllib3.connectionpool:https://o996770.ingest.sentry.io:443 "POST /api/5955273/envelope/ HTTP/1.1" 200 41
DEBUG:urllib3.connectionpool:https://o996770.ingest.sentry.io:443 "POST /api/5955273/envelope/ HTTP/1.1" 200 41
DEBUG:urllib3.connectionpool:https://o996770.ingest.sentry.io:443 "POST /api/5955273/envelope/ HTTP/1.1" 200 41
DEBUG:urllib3.connectionpool:https://o996770.ingest.sentry.io:443 "POST /api/5955273/envelope/ HTTP/1.1" 200 41
DEBUG:urllib3.connectionpool:https://o996770.ingest.sentry.io:443 "POST /api/5955273/envelope/ HTTP/1.1" 200 41
DEBUG:urllib3.connectionpool:https://o996770.ingest.sentry.io:443 "POST /api/5955273/envelope/ HTTP/1.1" 200 41
DEBUG:urllib3.connectionpool:https://o996770.ingest.sentry.io:443 "POST /api/5955273/envelope/ HTTP/1.1" 200 41
DEBUG:urllib3.connectionpool:https://o996770.ingest.sentry.io:443 "POST /api/5955273/envelope/ HTTP/1.1" 200 41
DEBUG:urllib3.connectionpool:https://o996770.ingest.sentry.io:443 "POST /api/5955273/envelope/ HTTP/1.1" 200 41
DEBUG:urllib3.connectionpool:https://o996770.ingest.sentry.io:443 "POST /api/5955273/envelope/ HTTP/1.1" 200 41
DEBUG:urllib3.connectionpool:https://o996770.ingest.sentry.io:443 "POST /api/5955273/envelope/ HTTP/1.1" 200 41
DEBUG:urllib3.connectionpool:https://o996770.ingest.sentry.io:443 "POST /api/5955273/envelope/ HTTP/1.1" 200 41
DEBUG:urllib3.connectionpool:https://o996770.ingest.sentry.io:443 "POST /api/5955273/envelope/ HTTP/1.1" 200 41
DEBUG:urllib3.connectionpool:https://o996770.ingest.sentry.io:443 "POST /api/5955273/envelope/ HTTP/1.1" 200 41
DEBUG:urllib3.connectionpool:https://o996770.ingest.sentry.io:443 "POST /api/5955273/envelope/ HTTP/1.1" 200 41
DEBUG:urllib3.connectionpool:https://o996770.ingest.sentry.io:443 "POST /api/5955273/envelope/ HTTP/1.1" 200 41
DEBUG:urllib3.connectionpool:https://o996770.ingest.sentry.io:443 "POST /api/5955273/envelope/ HTTP/1.1" 200 2
DEBUG:urllib3.connectionpool:https://o996770.ingest.sentry.io:443 "POST /api/5955273/envelope/ HTTP/1.1" 200 41
DEBUG:urllib3.connectionpool:https://o996770.ingest.sentry.io:443 "POST /api/5955273/envelope/ HTTP/1.1" 200 41
DEBUG:urllib3.connectionpool:https://o996770.ingest.sentry.io:443 "POST /api/5955273/envelope/ HTTP/1.1" 200 41
DEBUG:urllib3.connectionpool:https://o996770.ingest.sentry.io:443 "POST /api/5955273/envelope/ HTTP/1.1" 200 41
DEBUG:urllib3.connectionpool:https://o996770.ingest.sentry.io:443 "POST /api/5955273/envelope/ HTTP/1.1" 200 41
DEBUG:urllib3.connectionpool:https://o996770.ingest.sentry.io:443 "POST /api/5955273/envelope/ HTTP/1.1" 200 41
DEBUG:urllib3.connectionpool:https://o996770.ingest.sentry.io:443 "POST /api/5955273/envelope/ HTTP/1.1" 200 41
DEBUG:urllib3.connectionpool:https://o996770.ingest.sentry.io:443 "POST /api/5955273/envelope/ HTTP/1.1" 200 41
DEBUG:urllib3.connectionpool:https://o996770.ingest.sentry.io:443 "POST /api/5955273/envelope/ HTTP/1.1" 200 41
DEBUG:urllib3.connectionpool:https://o996770.ingest.sentry.io:443 "POST /api/5955273/envelope/ HTTP/1.1" 200 41
DEBUG:urllib3.connectionpool:https://o996770.ingest.sentry.io:443 "POST /api/5955273/envelope/ HTTP/1.1" 200 41
DEBUG:urllib3.connectionpool:https://o996770.ingest.sentry.io:443 "POST /api/5955273/envelope/ HTTP/1.1" 200 41
DEBUG:urllib3.connectionpool:https://o996770.ingest.sentry.io:443 "POST /api/5955273/envelope/ HTTP/1.1" 200 41
DEBUG:urllib3.connectionpool:https://o996770.ingest.sentry.io:443 "POST /api/5955273/envelope/ HTTP/1.1" 200 41
DEBUG:urllib3.connectionpool:https://o996770.ingest.sentry.io:443 "POST /api/5955273/envelope/ HTTP/1.1" 200 41
DEBUG:urllib3.connectionpool:https://o996770.ingest.sentry.io:443 "POST /api/5955273/envelope/ HTTP/1.1" 200 41
DEBUG:urllib3.connectionpool:https://o996770.ingest.sentry.io:443 "POST /api/5955273/envelope/ HTTP/1.1" 200 41
DEBUG:urllib3.connectionpool:https://o996770.ingest.sentry.io:443 "POST /api/5955273/envelope/ HTTP/1.1" 200 41
DEBUG:urllib3.connectionpool:https://o996770.ingest.sentry.io:443 "POST /api/5955273/envelope/ HTTP/1.1" 200 41
DEBUG:urllib3.connectionpool:https://o996770.ingest.sentry.io:443 "POST /api/5955273/envelope/ HTTP/1.1" 200 41
DEBUG:urllib3.connectionpool:https://o996770.ingest.sentry.io:443 "POST /api/5955273/envelope/ HTTP/1.1" 200 41
DEBUG:urllib3.connectionpool:https://o996770.ingest.sentry.io:443 "POST /api/5955273/envelope/ HTTP/1.1" 200 41
DEBUG:urllib3.connectionpool:https://o996770.ingest.sentry.io:443 "POST /api/5955273/envelope/ HTTP/1.1" 200 41
DEBUG:urllib3.connectionpool:https://o996770.ingest.sentry.io:443 "POST /api/5955273/envelope/ HTTP/1.1" 200 41
DEBUG:urllib3.connectionpool:https://o996770.ingest.sentry.io:443 "POST /api/5955273/envelope/ HTTP/1.1" 200 2
DEBUG:urllib3.connectionpool:https://o996770.ingest.sentry.io:443 "POST /api/5955273/envelope/ HTTP/1.1" 200 41
DEBUG:urllib3.connectionpool:https://o996770.ingest.sentry.io:443 "POST /api/5955273/envelope/ HTTP/1.1" 200 41
DEBUG:urllib3.connectionpool:https://o996770.ingest.sentry.io:443 "POST /api/5955273/envelope/ HTTP/1.1" 200 41
DEBUG:urllib3.connectionpool:https://o996770.ingest.sentry.io:443 "POST /api/5955273/envelope/ HTTP/1.1" 200 41
DEBUG:urllib3.connectionpool:https://o996770.ingest.sentry.io:443 "POST /api/5955273/envelope/ HTTP/1.1" 200 41
DEBUG:urllib3.connectionpool:https://o996770.ingest.sentry.io:443 "POST /api/5955273/envelope/ HTTP/1.1" 200 41
DEBUG:urllib3.connectionpool:https://o996770.ingest.sentry.io:443 "POST /api/5955273/envelope/ HTTP/1.1" 200 41
DEBUG:urllib3.connectionpool:https://o996770.ingest.sentry.io:443 "POST /api/5955273/envelope/ HTTP/1.1" 200 2
DEBUG:urllib3.connectionpool:https://o996770.ingest.sentry.io:443 "POST /api/5955273/envelope/ HTTP/1.1" 200 41
DEBUG:urllib3.connectionpool:https://o996770.ingest.sentry.io:443 "POST /api/5955273/envelope/ HTTP/1.1" 200 41
DEBUG:urllib3.connectionpool:https://o996770.ingest.sentry.io:443 "POST /api/5955273/envelope/ HTTP/1.1" 200 41
DEBUG:urllib3.connectionpool:https://o996770.ingest.sentry.io:443 "POST /api/5955273/envelope/ HTTP/1.1" 200 41
DEBUG:urllib3.connectionpool:https://o996770.ingest.sentry.io:443 "POST /api/5955273/envelope/ HTTP/1.1" 200 41
DEBUG:urllib3.connectionpool:https://o996770.ingest.sentry.io:443 "POST /api/5955273/envelope/ HTTP/1.1" 200 2
DEBUG:urllib3.connectionpool:https://o996770.ingest.sentry.io:443 "POST /api/5955273/envelope/ HTTP/1.1" 200 41
DEBUG:urllib3.connectionpool:https://o996770.ingest.sentry.io:443 "POST /api/5955273/envelope/ HTTP/1.1" 200 41
DEBUG:urllib3.connectionpool:https://o996770.ingest.sentry.io:443 "POST /api/5955273/envelope/ HTTP/1.1" 200 41
DEBUG:urllib3.connectionpool:https://o996770.ingest.sentry.io:443 "POST /api/5955273/envelope/ HTTP/1.1" 200 41
DEBUG:urllib3.connectionpool:https://o996770.ingest.sentry.io:443 "POST /api/5955273/envelope/ HTTP/1.1" 200 2
INFO:django.utils.autoreload:Watching for file changes with StatReloader
DEBUG:urllib3.connectionpool:Starting new HTTPS connection (1): o996770.ingest.sentry.io:443
DEBUG:urllib3.connectionpool:https://o996770.ingest.sentry.io:443 "POST /api/5955273/store/ HTTP/1.1" 200 41
INFO:django.utils.autoreload:C:\inetpub\wwwroot\alternatenotes\shop\settings.py changed, reloading.
INFO:django.utils.autoreload:Watching for file changes with StatReloader
DEBUG:urllib3.connectionpool:Starting new HTTPS connection (1): o996770.ingest.sentry.io:443
DEBUG:urllib3.connectionpool:https://o996770.ingest.sentry.io:443 "POST /api/5955273/store/ HTTP/1.1" 200 41
DEBUG:urllib3.connectionpool:Starting new HTTPS connection (1): o996770.ingest.sentry.io:443
DEBUG:urllib3.connectionpool:https://o996770.ingest.sentry.io:443 "POST /api/5955273/store/ HTTP/1.1" 200 41
INFO:django.utils.autoreload:C:\inetpub\wwwroot\alternatenotes\shop\settings.py changed, reloading.
INFO:django.utils.autoreload:Watching for file changes with StatReloader
DEBUG:urllib3.connectionpool:Starting new HTTPS connection (1): o996770.ingest.sentry.io:443
DEBUG:urllib3.connectionpool:https://o996770.ingest.sentry.io:443 "POST /api/5955273/store/ HTTP/1.1" 200 41
DEBUG:urllib3.connectionpool:Starting new HTTPS connection (1): o996770.ingest.sentry.io:443
DEBUG:urllib3.connectionpool:https://o996770.ingest.sentry.io:443 "POST /api/5955273/store/ HTTP/1.1" 200 41
INFO:django.utils.autoreload:Watching for file changes with StatReloader
DEBUG:urllib3.connectionpool:Starting new HTTPS connection (1): o996770.ingest.sentry.io:443
DEBUG:urllib3.connectionpool:https://o996770.ingest.sentry.io:443 "POST /api/5955273/store/ HTTP/1.1" 200 41
INFO:django.utils.autoreload:Watching for file changes with StatReloader
DEBUG:urllib3.connectionpool:Starting new HTTPS connection (1): o996770.ingest.sentry.io:443
DEBUG:urllib3.connectionpool:https://o996770.ingest.sentry.io:443 "POST /api/5955273/envelope/ HTTP/1.1" 200 41
DEBUG:urllib3.connectionpool:https://o996770.ingest.sentry.io:443 "POST /api/5955273/envelope/ HTTP/1.1" 200 41
DEBUG:urllib3.connectionpool:https://o996770.ingest.sentry.io:443 "POST /api/5955273/envelope/ HTTP/1.1" 200 41
DEBUG:urllib3.connectionpool:https://o996770.ingest.sentry.io:443 "POST /api/5955273/envelope/ HTTP/1.1" 200 41
DEBUG:urllib3.connectionpool:https://o996770.ingest.sentry.io:443 "POST /api/5955273/envelope/ HTTP/1.1" 200 41
DEBUG:urllib3.connectionpool:https://o996770.ingest.sentry.io:443 "POST /api/5955273/envelope/ HTTP/1.1" 200 41
DEBUG:urllib3.connectionpool:https://o996770.ingest.sentry.io:443 "POST /api/5955273/envelope/ HTTP/1.1" 200 2
INFO:django.utils.autoreload:Watching for file changes with StatReloader
DEBUG:urllib3.connectionpool:Starting new HTTPS connection (1): o996770.ingest.sentry.io:443
DEBUG:urllib3.connectionpool:https://o996770.ingest.sentry.io:443 "POST /api/5955273/store/ HTTP/1.1" 200 41
INFO:django.utils.autoreload:Watching for file changes with StatReloader
DEBUG:urllib3.connectionpool:Starting new HTTPS connection (1): o996770.ingest.sentry.io:443
DEBUG:urllib3.connectionpool:https://o996770.ingest.sentry.io:443 "POST /api/5955273/store/ HTTP/1.1" 200 41
INFO:django.utils.autoreload:Watching for file changes with StatReloader
DEBUG:urllib3.connectionpool:Starting new HTTPS connection (1): o996770.ingest.sentry.io:443
DEBUG:urllib3.connectionpool:https://o996770.ingest.sentry.io:443 "POST /api/5955273/store/ HTTP/1.1" 200 41
INFO:django.utils.autoreload:Watching for file changes with StatReloader
DEBUG:urllib3.connectionpool:Starting new HTTPS connection (1): o996770.ingest.sentry.io:443
DEBUG:urllib3.connectionpool:https://o996770.ingest.sentry.io:443 "POST /api/5955273/store/ HTTP/1.1" 200 41
INFO:django.utils.autoreload:C:\inetpub\wwwroot\alternatenotes\shop\graphql_settings.py changed, reloading.
INFO:django.utils.autoreload:Watching for file changes with StatReloader
DEBUG:urllib3.connectionpool:Starting new HTTPS connection (1): o996770.ingest.sentry.io:443
DEBUG:urllib3.connectionpool:https://o996770.ingest.sentry.io:443 "POST /api/5955273/store/ HTTP/1.1" 200 41
INFO:django.utils.autoreload:C:\inetpub\wwwroot\alternatenotes\shop\settings.py changed, reloading.
INFO:django.utils.autoreload:Watching for file changes with StatReloader
DEBUG:urllib3.connectionpool:Starting new HTTPS connection (1): o996770.ingest.sentry.io:443
DEBUG:urllib3.connectionpool:https://o996770.ingest.sentry.io:443 "POST /api/5955273/store/ HTTP/1.1" 200 41
INFO:xmlrpc.registry:Register XML-RPC methods by inspecting INSTALLED_APPS
DEBUG:xmlrpc.registry:Checking simpleui...
DEBUG:xmlrpc.registry:Not found simpleui.xmlrpc
DEBUG:xmlrpc.registry:Checking djangocms_admin_style...
DEBUG:xmlrpc.registry:Not found djangocms_admin_style.xmlrpc
DEBUG:xmlrpc.registry:Checking django.contrib.auth...
DEBUG:xmlrpc.registry:Not found django.contrib.auth.xmlrpc
DEBUG:xmlrpc.registry:Checking django.contrib.contenttypes...
DEBUG:xmlrpc.registry:Not found django.contrib.contenttypes.xmlrpc
DEBUG:xmlrpc.registry:Checking django.contrib.sessions...
DEBUG:xmlrpc.registry:Not found django.contrib.sessions.xmlrpc
DEBUG:xmlrpc.registry:Checking django.contrib.admin...
DEBUG:xmlrpc.registry:Not found django.contrib.admin.xmlrpc
DEBUG:xmlrpc.registry:Checking django.contrib.sites...
DEBUG:xmlrpc.registry:Not found django.contrib.sites.xmlrpc
DEBUG:xmlrpc.registry:Checking django.contrib.sitemaps...
DEBUG:xmlrpc.registry:Not found django.contrib.sitemaps.xmlrpc
DEBUG:xmlrpc.registry:Checking django.contrib.staticfiles...
DEBUG:xmlrpc.registry:Not found django.contrib.staticfiles.xmlrpc
DEBUG:xmlrpc.registry:Checking django.contrib.messages...
DEBUG:xmlrpc.registry:Not found django.contrib.messages.xmlrpc
DEBUG:xmlrpc.registry:Checking cms...
DEBUG:xmlrpc.registry:Not found cms.xmlrpc
DEBUG:xmlrpc.registry:Checking menus...
DEBUG:xmlrpc.registry:Not found menus.xmlrpc
DEBUG:xmlrpc.registry:Checking sekizai...
DEBUG:xmlrpc.registry:Not found sekizai.xmlrpc
DEBUG:xmlrpc.registry:Checking treebeard...
DEBUG:xmlrpc.registry:Not found treebeard.xmlrpc
DEBUG:xmlrpc.registry:Checking djangocms_text_ckeditor...
DEBUG:xmlrpc.registry:Not found djangocms_text_ckeditor.xmlrpc
DEBUG:xmlrpc.registry:Checking filer...
DEBUG:xmlrpc.registry:Not found filer.xmlrpc
DEBUG:xmlrpc.registry:Checking easy_thumbnails...
DEBUG:xmlrpc.registry:Not found easy_thumbnails.xmlrpc
DEBUG:xmlrpc.registry:Checking djangocms_bootstrap4...
DEBUG:xmlrpc.registry:Not found djangocms_bootstrap4.xmlrpc
DEBUG:xmlrpc.registry:Checking djangocms_bootstrap4.contrib.bootstrap4_alerts...
DEBUG:xmlrpc.registry:Not found djangocms_bootstrap4.contrib.bootstrap4_alerts.xmlrpc
DEBUG:xmlrpc.registry:Checking djangocms_bootstrap4.contrib.bootstrap4_badge...
DEBUG:xmlrpc.registry:Not found djangocms_bootstrap4.contrib.bootstrap4_badge.xmlrpc
DEBUG:xmlrpc.registry:Checking djangocms_bootstrap4.contrib.bootstrap4_card...
DEBUG:xmlrpc.registry:Not found djangocms_bootstrap4.contrib.bootstrap4_card.xmlrpc
DEBUG:xmlrpc.registry:Checking djangocms_bootstrap4.contrib.bootstrap4_carousel...
DEBUG:xmlrpc.registry:Not found djangocms_bootstrap4.contrib.bootstrap4_carousel.xmlrpc
DEBUG:xmlrpc.registry:Checking djangocms_bootstrap4.contrib.bootstrap4_collapse...
DEBUG:xmlrpc.registry:Not found djangocms_bootstrap4.contrib.bootstrap4_collapse.xmlrpc
DEBUG:xmlrpc.registry:Checking djangocms_bootstrap4.contrib.bootstrap4_content...
DEBUG:xmlrpc.registry:Not found djangocms_bootstrap4.contrib.bootstrap4_content.xmlrpc
DEBUG:xmlrpc.registry:Checking djangocms_bootstrap4.contrib.bootstrap4_grid...
DEBUG:xmlrpc.registry:Not found djangocms_bootstrap4.contrib.bootstrap4_grid.xmlrpc
DEBUG:xmlrpc.registry:Checking djangocms_bootstrap4.contrib.bootstrap4_jumbotron...
DEBUG:xmlrpc.registry:Not found djangocms_bootstrap4.contrib.bootstrap4_jumbotron.xmlrpc
DEBUG:xmlrpc.registry:Checking djangocms_bootstrap4.contrib.bootstrap4_link...
DEBUG:xmlrpc.registry:Not found djangocms_bootstrap4.contrib.bootstrap4_link.xmlrpc
DEBUG:xmlrpc.registry:Checking djangocms_bootstrap4.contrib.bootstrap4_listgroup...
DEBUG:xmlrpc.registry:Not found djangocms_bootstrap4.contrib.bootstrap4_listgroup.xmlrpc
DEBUG:xmlrpc.registry:Checking djangocms_bootstrap4.contrib.bootstrap4_media...
DEBUG:xmlrpc.registry:Not found djangocms_bootstrap4.contrib.bootstrap4_media.xmlrpc
DEBUG:xmlrpc.registry:Checking djangocms_bootstrap4.contrib.bootstrap4_picture...
DEBUG:xmlrpc.registry:Not found djangocms_bootstrap4.contrib.bootstrap4_picture.xmlrpc
DEBUG:xmlrpc.registry:Checking djangocms_bootstrap4.contrib.bootstrap4_tabs...
DEBUG:xmlrpc.registry:Not found djangocms_bootstrap4.contrib.bootstrap4_tabs.xmlrpc
DEBUG:xmlrpc.registry:Checking djangocms_bootstrap4.contrib.bootstrap4_utilities...
DEBUG:xmlrpc.registry:Not found djangocms_bootstrap4.contrib.bootstrap4_utilities.xmlrpc
DEBUG:xmlrpc.registry:Checking djangocms_file...
DEBUG:xmlrpc.registry:Not found djangocms_file.xmlrpc
DEBUG:xmlrpc.registry:Checking djangocms_icon...
DEBUG:xmlrpc.registry:Not found djangocms_icon.xmlrpc
DEBUG:xmlrpc.registry:Checking djangocms_link...
DEBUG:xmlrpc.registry:Not found djangocms_link.xmlrpc
DEBUG:xmlrpc.registry:Checking djangocms_picture...
DEBUG:xmlrpc.registry:Not found djangocms_picture.xmlrpc
DEBUG:xmlrpc.registry:Checking djangocms_style...
DEBUG:xmlrpc.registry:Not found djangocms_style.xmlrpc
DEBUG:xmlrpc.registry:Checking djangocms_googlemap...
DEBUG:xmlrpc.registry:Not found djangocms_googlemap.xmlrpc
DEBUG:xmlrpc.registry:Checking djangocms_video...
DEBUG:xmlrpc.registry:Not found djangocms_video.xmlrpc
DEBUG:xmlrpc.registry:Checking djangocms_audio...
DEBUG:xmlrpc.registry:Not found djangocms_audio.xmlrpc
DEBUG:xmlrpc.registry:Checking graphene_django...
DEBUG:xmlrpc.registry:Not found graphene_django.xmlrpc
DEBUG:xmlrpc.registry:Checking shop...
DEBUG:xmlrpc.registry:Not found shop.xmlrpc
DEBUG:xmlrpc.registry:Checking django.contrib.flatpages...
DEBUG:xmlrpc.registry:Not found django.contrib.flatpages.xmlrpc
DEBUG:xmlrpc.registry:Checking oscar...
DEBUG:xmlrpc.registry:Not found oscar.xmlrpc
DEBUG:xmlrpc.registry:Checking oscar.apps.analytics...
DEBUG:xmlrpc.registry:Not found oscar.apps.analytics.xmlrpc
DEBUG:xmlrpc.registry:Checking oscar.apps.checkout...
DEBUG:xmlrpc.registry:Not found oscar.apps.checkout.xmlrpc
DEBUG:xmlrpc.registry:Checking oscar.apps.address...
DEBUG:xmlrpc.registry:Not found oscar.apps.address.xmlrpc
DEBUG:xmlrpc.registry:Checking oscar.apps.shipping...
DEBUG:xmlrpc.registry:Not found oscar.apps.shipping.xmlrpc
DEBUG:xmlrpc.registry:Checking oscar.apps.catalogue...
DEBUG:xmlrpc.registry:Not found oscar.apps.catalogue.xmlrpc
DEBUG:xmlrpc.registry:Checking oscar.apps.catalogue.reviews...
DEBUG:xmlrpc.registry:Not found oscar.apps.catalogue.reviews.xmlrpc
DEBUG:xmlrpc.registry:Checking oscar.apps.communication...
DEBUG:xmlrpc.registry:Not found oscar.apps.communication.xmlrpc
DEBUG:xmlrpc.registry:Checking oscar.apps.partner...
DEBUG:xmlrpc.registry:Not found oscar.apps.partner.xmlrpc
DEBUG:xmlrpc.registry:Checking oscar.apps.basket...
DEBUG:xmlrpc.registry:Not found oscar.apps.basket.xmlrpc
DEBUG:xmlrpc.registry:Checking oscar.apps.payment...
DEBUG:xmlrpc.registry:Not found oscar.apps.payment.xmlrpc
DEBUG:xmlrpc.registry:Checking oscar.apps.offer...
DEBUG:xmlrpc.registry:Not found oscar.apps.offer.xmlrpc
DEBUG:xmlrpc.registry:Checking oscar.apps.order...
DEBUG:xmlrpc.registry:Not found oscar.apps.order.xmlrpc
DEBUG:xmlrpc.registry:Checking oscar.apps.customer...
DEBUG:xmlrpc.registry:Not found oscar.apps.customer.xmlrpc
DEBUG:xmlrpc.registry:Checking oscar.apps.search...
DEBUG:xmlrpc.registry:Not found oscar.apps.search.xmlrpc
DEBUG:xmlrpc.registry:Checking oscar.apps.voucher...
DEBUG:xmlrpc.registry:Not found oscar.apps.voucher.xmlrpc
DEBUG:xmlrpc.registry:Checking oscar.apps.wishlists...
DEBUG:xmlrpc.registry:Not found oscar.apps.wishlists.xmlrpc
DEBUG:xmlrpc.registry:Checking oscar.apps.dashboard...
DEBUG:xmlrpc.registry:Not found oscar.apps.dashboard.xmlrpc
DEBUG:xmlrpc.registry:Checking oscar.apps.dashboard.reports...
DEBUG:xmlrpc.registry:Not found oscar.apps.dashboard.reports.xmlrpc
DEBUG:xmlrpc.registry:Checking oscar.apps.dashboard.users...
DEBUG:xmlrpc.registry:Not found oscar.apps.dashboard.users.xmlrpc
DEBUG:xmlrpc.registry:Checking oscar.apps.dashboard.orders...
DEBUG:xmlrpc.registry:Not found oscar.apps.dashboard.orders.xmlrpc
DEBUG:xmlrpc.registry:Checking oscar.apps.dashboard.catalogue...
DEBUG:xmlrpc.registry:Not found oscar.apps.dashboard.catalogue.xmlrpc
DEBUG:xmlrpc.registry:Checking oscar.apps.dashboard.offers...
DEBUG:xmlrpc.registry:Not found oscar.apps.dashboard.offers.xmlrpc
DEBUG:xmlrpc.registry:Checking oscar.apps.dashboard.partners...
DEBUG:xmlrpc.registry:Not found oscar.apps.dashboard.partners.xmlrpc
DEBUG:xmlrpc.registry:Checking oscar.apps.dashboard.pages...
DEBUG:xmlrpc.registry:Not found oscar.apps.dashboard.pages.xmlrpc
DEBUG:xmlrpc.registry:Checking oscar.apps.dashboard.ranges...
DEBUG:xmlrpc.registry:Not found oscar.apps.dashboard.ranges.xmlrpc
DEBUG:xmlrpc.registry:Checking oscar.apps.dashboard.reviews...
DEBUG:xmlrpc.registry:Not found oscar.apps.dashboard.reviews.xmlrpc
DEBUG:xmlrpc.registry:Checking oscar.apps.dashboard.vouchers...
DEBUG:xmlrpc.registry:Not found oscar.apps.dashboard.vouchers.xmlrpc
DEBUG:xmlrpc.registry:Checking oscar.apps.dashboard.communications...
DEBUG:xmlrpc.registry:Not found oscar.apps.dashboard.communications.xmlrpc
DEBUG:xmlrpc.registry:Checking oscar.apps.dashboard.shipping...
DEBUG:xmlrpc.registry:Not found oscar.apps.dashboard.shipping.xmlrpc
DEBUG:xmlrpc.registry:Checking widget_tweaks...
DEBUG:xmlrpc.registry:Not found widget_tweaks.xmlrpc
DEBUG:xmlrpc.registry:Checking haystack...
DEBUG:xmlrpc.registry:Not found haystack.xmlrpc
DEBUG:xmlrpc.registry:Checking sorl.thumbnail...
DEBUG:xmlrpc.registry:Not found sorl.thumbnail.xmlrpc
DEBUG:xmlrpc.registry:Checking django_tables2...
DEBUG:xmlrpc.registry:Not found django_tables2.xmlrpc
DEBUG:xmlrpc.registry:Checking aldryn_apphooks_config...
DEBUG:xmlrpc.registry:Not found aldryn_apphooks_config.xmlrpc
DEBUG:xmlrpc.registry:Checking parler...
DEBUG:xmlrpc.registry:Not found parler.xmlrpc
DEBUG:xmlrpc.registry:Checking taggit...
DEBUG:xmlrpc.registry:Not found taggit.xmlrpc
DEBUG:xmlrpc.registry:Checking taggit_autosuggest...
DEBUG:xmlrpc.registry:Not found taggit_autosuggest.xmlrpc
DEBUG:xmlrpc.registry:Checking meta...
DEBUG:xmlrpc.registry:Not found meta.xmlrpc
DEBUG:xmlrpc.registry:Checking sortedm2m...
DEBUG:xmlrpc.registry:Not found sortedm2m.xmlrpc
DEBUG:xmlrpc.registry:Checking rest_framework...
DEBUG:xmlrpc.registry:Not found rest_framework.xmlrpc
DEBUG:xmlrpc.registry:Checking oscarapi...
DEBUG:xmlrpc.registry:Not found oscarapi.xmlrpc
DEBUG:xmlrpc.registry:Checking oscar_invoices...
DEBUG:xmlrpc.registry:Not found oscar_invoices.xmlrpc
DEBUG:xmlrpc.registry:Checking pinax.badges...
DEBUG:xmlrpc.registry:Not found pinax.badges.xmlrpc
DEBUG:xmlrpc.registry:Checking pinax.messages...
DEBUG:xmlrpc.registry:Not found pinax.messages.xmlrpc
DEBUG:xmlrpc.registry:Checking pinax.announcements...
DEBUG:xmlrpc.registry:Not found pinax.announcements.xmlrpc
DEBUG:xmlrpc.registry:Checking pinax.calendars...
DEBUG:xmlrpc.registry:Not found pinax.calendars.xmlrpc
DEBUG:xmlrpc.registry:Checking imagekit...
DEBUG:xmlrpc.registry:Not found imagekit.xmlrpc
DEBUG:xmlrpc.registry:Checking pinax.events...
DEBUG:xmlrpc.registry:Not found pinax.events.xmlrpc
DEBUG:xmlrpc.registry:Checking pinax.testimonials...
DEBUG:xmlrpc.registry:Not found pinax.testimonials.xmlrpc
DEBUG:xmlrpc.registry:Checking photologue...
DEBUG:xmlrpc.registry:Not found photologue.xmlrpc
DEBUG:xmlrpc.registry:Checking corsheaders...
DEBUG:xmlrpc.registry:Not found corsheaders.xmlrpc
DEBUG:xmlrpc.registry:Checking absolute...
DEBUG:xmlrpc.registry:Not found absolute.xmlrpc
DEBUG:xmlrpc.registry:Checking emailit...
DEBUG:xmlrpc.registry:Not found emailit.xmlrpc
DEBUG:xmlrpc.registry:Checking gdpr_assist...
DEBUG:xmlrpc.registry:Not found gdpr_assist.xmlrpc
DEBUG:xmlrpc.registry:Checking payments...
DEBUG:xmlrpc.registry:Not found payments.xmlrpc
DEBUG:xmlrpc.registry:Checking newsletter...
DEBUG:xmlrpc.registry:Not found newsletter.xmlrpc
DEBUG:xmlrpc.registry:Checking captcha...
DEBUG:xmlrpc.registry:Not found captcha.xmlrpc
DEBUG:xmlrpc.registry:Checking django_otp...
DEBUG:xmlrpc.registry:Not found django_otp.xmlrpc
DEBUG:xmlrpc.registry:Checking django_otp.plugins.otp_static...
DEBUG:xmlrpc.registry:Not found django_otp.plugins.otp_static.xmlrpc
DEBUG:xmlrpc.registry:Checking django_otp.plugins.otp_totp...
DEBUG:xmlrpc.registry:Not found django_otp.plugins.otp_totp.xmlrpc
DEBUG:xmlrpc.registry:Checking two_factor...
DEBUG:xmlrpc.registry:Not found two_factor.xmlrpc
DEBUG:xmlrpc.registry:Checking otp_yubikey...
DEBUG:xmlrpc.registry:Not found otp_yubikey.xmlrpc
DEBUG:xmlrpc.registry:Checking djangocms_history...
DEBUG:xmlrpc.registry:Not found djangocms_history.xmlrpc
DEBUG:xmlrpc.registry:Checking django_comments...
DEBUG:xmlrpc.registry:Not found django_comments.xmlrpc
DEBUG:xmlrpc.registry:Checking mptt...
DEBUG:xmlrpc.registry:Not found mptt.xmlrpc
DEBUG:xmlrpc.registry:Checking tagging...
DEBUG:xmlrpc.registry:Not found tagging.xmlrpc
DEBUG:xmlrpc.registry:Checking zinnia...
DEBUG:xmlrpc.registry:Found zinnia.xmlrpc
INFO:xmlrpc.registry:Found XMLRPC_METHODS in zinnia.xmlrpc
DEBUG:xmlrpc.registry:zinnia.xmlrpc.pingback.pingback_ping not callable, resolving path...
INFO:xmlrpc.registry:Registering 'zinnia.xmlrpc.pingback:pingback_ping' => 'pingback.ping'
DEBUG:xmlrpc.registry:zinnia.xmlrpc.pingback.pingback_extensions_get_pingbacks not callable, resolving path...
INFO:xmlrpc.registry:Registering 'zinnia.xmlrpc.pingback:pingback_extensions_get_pingbacks' => 'pingback.extensions.getPingbacks'
DEBUG:xmlrpc.registry:zinnia.xmlrpc.metaweblog.get_users_blogs not callable, resolving path...
INFO:xmlrpc.registry:Registering 'zinnia.xmlrpc.metaweblog:get_users_blogs' => 'blogger.getUsersBlogs'
DEBUG:xmlrpc.registry:zinnia.xmlrpc.metaweblog.get_user_info not callable, resolving path...
INFO:xmlrpc.registry:Registering 'zinnia.xmlrpc.metaweblog:get_user_info' => 'blogger.getUserInfo'
DEBUG:xmlrpc.registry:zinnia.xmlrpc.metaweblog.delete_post not callable, resolving path...
INFO:xmlrpc.registry:Registering 'zinnia.xmlrpc.metaweblog:delete_post' => 'blogger.deletePost'
DEBUG:xmlrpc.registry:zinnia.xmlrpc.metaweblog.get_authors not callable, resolving path...
INFO:xmlrpc.registry:Registering 'zinnia.xmlrpc.metaweblog:get_authors' => 'wp.getAuthors'
DEBUG:xmlrpc.registry:zinnia.xmlrpc.metaweblog.get_tags not callable, resolving path...
INFO:xmlrpc.registry:Registering 'zinnia.xmlrpc.metaweblog:get_tags' => 'wp.getTags'
DEBUG:xmlrpc.registry:zinnia.xmlrpc.metaweblog.get_categories not callable, resolving path...
INFO:xmlrpc.registry:Registering 'zinnia.xmlrpc.metaweblog:get_categories' => 'metaWeblog.getCategories'
DEBUG:xmlrpc.registry:zinnia.xmlrpc.metaweblog.new_category not callable, resolving path...
INFO:xmlrpc.registry:Registering 'zinnia.xmlrpc.metaweblog:new_category' => 'wp.newCategory'
DEBUG:xmlrpc.registry:zinnia.xmlrpc.metaweblog.get_recent_posts not callable, resolving path...
INFO:xmlrpc.registry:Registering 'zinnia.xmlrpc.metaweblog:get_recent_posts' => 'metaWeblog.getRecentPosts'
DEBUG:xmlrpc.registry:zinnia.xmlrpc.metaweblog.get_post not callable, resolving path...
INFO:xmlrpc.registry:Registering 'zinnia.xmlrpc.metaweblog:get_post' => 'metaWeblog.getPost'
DEBUG:xmlrpc.registry:zinnia.xmlrpc.metaweblog.new_post not callable, resolving path...
INFO:xmlrpc.registry:Registering 'zinnia.xmlrpc.metaweblog:new_post' => 'metaWeblog.newPost'
DEBUG:xmlrpc.registry:zinnia.xmlrpc.metaweblog.edit_post not callable, resolving path...
INFO:xmlrpc.registry:Registering 'zinnia.xmlrpc.metaweblog:edit_post' => 'metaWeblog.editPost'
DEBUG:xmlrpc.registry:zinnia.xmlrpc.metaweblog.new_media_object not callable, resolving path...
INFO:xmlrpc.registry:Registering 'zinnia.xmlrpc.metaweblog:new_media_object' => 'metaWeblog.newMediaObject'
DEBUG:xmlrpc.registry:Checking django_xmlrpc...
DEBUG:xmlrpc.registry:Not found django_xmlrpc.xmlrpc
INFO:xmlrpc.registry:Register XML-RPC methods by inspecting INSTALLED_APPS
DEBUG:xmlrpc.registry:Checking simpleui...
DEBUG:xmlrpc.registry:Not found simpleui.xmlrpc
DEBUG:xmlrpc.registry:Checking djangocms_admin_style...
DEBUG:xmlrpc.registry:Not found djangocms_admin_style.xmlrpc
DEBUG:xmlrpc.registry:Checking django.contrib.auth...
DEBUG:xmlrpc.registry:Not found django.contrib.auth.xmlrpc
DEBUG:xmlrpc.registry:Checking django.contrib.contenttypes...
DEBUG:xmlrpc.registry:Not found django.contrib.contenttypes.xmlrpc
DEBUG:xmlrpc.registry:Checking django.contrib.sessions...
DEBUG:xmlrpc.registry:Not found django.contrib.sessions.xmlrpc
DEBUG:xmlrpc.registry:Checking django.contrib.admin...
DEBUG:xmlrpc.registry:Not found django.contrib.admin.xmlrpc
DEBUG:xmlrpc.registry:Checking django.contrib.sites...
DEBUG:xmlrpc.registry:Not found django.contrib.sites.xmlrpc
DEBUG:xmlrpc.registry:Checking django.contrib.sitemaps...
DEBUG:xmlrpc.registry:Not found django.contrib.sitemaps.xmlrpc
DEBUG:xmlrpc.registry:Checking django.contrib.staticfiles...
DEBUG:xmlrpc.registry:Not found django.contrib.staticfiles.xmlrpc
DEBUG:xmlrpc.registry:Checking django.contrib.messages...
DEBUG:xmlrpc.registry:Not found django.contrib.messages.xmlrpc
DEBUG:xmlrpc.registry:Checking cms...
DEBUG:xmlrpc.registry:Not found cms.xmlrpc
DEBUG:xmlrpc.registry:Checking menus...
DEBUG:xmlrpc.registry:Not found menus.xmlrpc
DEBUG:xmlrpc.registry:Checking sekizai...
DEBUG:xmlrpc.registry:Not found sekizai.xmlrpc
DEBUG:xmlrpc.registry:Checking treebeard...
DEBUG:xmlrpc.registry:Not found treebeard.xmlrpc
DEBUG:xmlrpc.registry:Checking djangocms_text_ckeditor...
DEBUG:xmlrpc.registry:Not found djangocms_text_ckeditor.xmlrpc
DEBUG:xmlrpc.registry:Checking filer...
DEBUG:xmlrpc.registry:Not found filer.xmlrpc
DEBUG:xmlrpc.registry:Checking easy_thumbnails...
DEBUG:xmlrpc.registry:Not found easy_thumbnails.xmlrpc
DEBUG:xmlrpc.registry:Checking djangocms_bootstrap4...
DEBUG:xmlrpc.registry:Not found djangocms_bootstrap4.xmlrpc
DEBUG:xmlrpc.registry:Checking djangocms_bootstrap4.contrib.bootstrap4_alerts...
DEBUG:xmlrpc.registry:Not found djangocms_bootstrap4.contrib.bootstrap4_alerts.xmlrpc
DEBUG:xmlrpc.registry:Checking djangocms_bootstrap4.contrib.bootstrap4_badge...
DEBUG:xmlrpc.registry:Not found djangocms_bootstrap4.contrib.bootstrap4_badge.xmlrpc
DEBUG:xmlrpc.registry:Checking djangocms_bootstrap4.contrib.bootstrap4_card...
DEBUG:xmlrpc.registry:Not found djangocms_bootstrap4.contrib.bootstrap4_card.xmlrpc
DEBUG:xmlrpc.registry:Checking djangocms_bootstrap4.contrib.bootstrap4_carousel...
DEBUG:xmlrpc.registry:Not found djangocms_bootstrap4.contrib.bootstrap4_carousel.xmlrpc
DEBUG:xmlrpc.registry:Checking djangocms_bootstrap4.contrib.bootstrap4_collapse...
DEBUG:xmlrpc.registry:Not found djangocms_bootstrap4.contrib.bootstrap4_collapse.xmlrpc
DEBUG:xmlrpc.registry:Checking djangocms_bootstrap4.contrib.bootstrap4_content...
DEBUG:xmlrpc.registry:Not found djangocms_bootstrap4.contrib.bootstrap4_content.xmlrpc
DEBUG:xmlrpc.registry:Checking djangocms_bootstrap4.contrib.bootstrap4_grid...
DEBUG:xmlrpc.registry:Not found djangocms_bootstrap4.contrib.bootstrap4_grid.xmlrpc
DEBUG:xmlrpc.registry:Checking djangocms_bootstrap4.contrib.bootstrap4_jumbotron...
DEBUG:xmlrpc.registry:Not found djangocms_bootstrap4.contrib.bootstrap4_jumbotron.xmlrpc
DEBUG:xmlrpc.registry:Checking djangocms_bootstrap4.contrib.bootstrap4_link...
DEBUG:xmlrpc.registry:Not found djangocms_bootstrap4.contrib.bootstrap4_link.xmlrpc
DEBUG:xmlrpc.registry:Checking djangocms_bootstrap4.contrib.bootstrap4_listgroup...
DEBUG:xmlrpc.registry:Not found djangocms_bootstrap4.contrib.bootstrap4_listgroup.xmlrpc
DEBUG:xmlrpc.registry:Checking djangocms_bootstrap4.contrib.bootstrap4_media...
DEBUG:xmlrpc.registry:Not found djangocms_bootstrap4.contrib.bootstrap4_media.xmlrpc
DEBUG:xmlrpc.registry:Checking djangocms_bootstrap4.contrib.bootstrap4_picture...
DEBUG:xmlrpc.registry:Not found djangocms_bootstrap4.contrib.bootstrap4_picture.xmlrpc
DEBUG:xmlrpc.registry:Checking djangocms_bootstrap4.contrib.bootstrap4_tabs...
DEBUG:xmlrpc.registry:Not found djangocms_bootstrap4.contrib.bootstrap4_tabs.xmlrpc
DEBUG:xmlrpc.registry:Checking djangocms_bootstrap4.contrib.bootstrap4_utilities...
DEBUG:xmlrpc.registry:Not found djangocms_bootstrap4.contrib.bootstrap4_utilities.xmlrpc
DEBUG:xmlrpc.registry:Checking djangocms_file...
DEBUG:xmlrpc.registry:Not found djangocms_file.xmlrpc
DEBUG:xmlrpc.registry:Checking djangocms_icon...
DEBUG:xmlrpc.registry:Not found djangocms_icon.xmlrpc
DEBUG:xmlrpc.registry:Checking djangocms_link...
DEBUG:xmlrpc.registry:Not found djangocms_link.xmlrpc
DEBUG:xmlrpc.registry:Checking djangocms_picture...
DEBUG:xmlrpc.registry:Not found djangocms_picture.xmlrpc
DEBUG:xmlrpc.registry:Checking djangocms_style...
DEBUG:xmlrpc.registry:Not found djangocms_style.xmlrpc
DEBUG:xmlrpc.registry:Checking djangocms_googlemap...
DEBUG:xmlrpc.registry:Not found djangocms_googlemap.xmlrpc
DEBUG:xmlrpc.registry:Checking djangocms_video...
DEBUG:xmlrpc.registry:Not found djangocms_video.xmlrpc
DEBUG:xmlrpc.registry:Checking djangocms_audio...
DEBUG:xmlrpc.registry:Not found djangocms_audio.xmlrpc
DEBUG:xmlrpc.registry:Checking graphene_django...
DEBUG:xmlrpc.registry:Not found graphene_django.xmlrpc
DEBUG:xmlrpc.registry:Checking shop...
DEBUG:xmlrpc.registry:Not found shop.xmlrpc
DEBUG:xmlrpc.registry:Checking django.contrib.flatpages...
DEBUG:xmlrpc.registry:Not found django.contrib.flatpages.xmlrpc
DEBUG:xmlrpc.registry:Checking oscar...
DEBUG:xmlrpc.registry:Not found oscar.xmlrpc
DEBUG:xmlrpc.registry:Checking oscar.apps.analytics...
DEBUG:xmlrpc.registry:Not found oscar.apps.analytics.xmlrpc
DEBUG:xmlrpc.registry:Checking oscar.apps.checkout...
DEBUG:xmlrpc.registry:Not found oscar.apps.checkout.xmlrpc
DEBUG:xmlrpc.registry:Checking oscar.apps.address...
DEBUG:xmlrpc.registry:Not found oscar.apps.address.xmlrpc
DEBUG:xmlrpc.registry:Checking oscar.apps.shipping...
DEBUG:xmlrpc.registry:Not found oscar.apps.shipping.xmlrpc
DEBUG:xmlrpc.registry:Checking oscar.apps.catalogue...
DEBUG:xmlrpc.registry:Not found oscar.apps.catalogue.xmlrpc
DEBUG:xmlrpc.registry:Checking oscar.apps.catalogue.reviews...
DEBUG:xmlrpc.registry:Not found oscar.apps.catalogue.reviews.xmlrpc
DEBUG:xmlrpc.registry:Checking oscar.apps.communication...
DEBUG:xmlrpc.registry:Not found oscar.apps.communication.xmlrpc
DEBUG:xmlrpc.registry:Checking oscar.apps.partner...
DEBUG:xmlrpc.registry:Not found oscar.apps.partner.xmlrpc
DEBUG:xmlrpc.registry:Checking oscar.apps.basket...
DEBUG:xmlrpc.registry:Not found oscar.apps.basket.xmlrpc
DEBUG:xmlrpc.registry:Checking oscar.apps.payment...
DEBUG:xmlrpc.registry:Not found oscar.apps.payment.xmlrpc
DEBUG:xmlrpc.registry:Checking oscar.apps.offer...
DEBUG:xmlrpc.registry:Not found oscar.apps.offer.xmlrpc
DEBUG:xmlrpc.registry:Checking oscar.apps.order...
DEBUG:xmlrpc.registry:Not found oscar.apps.order.xmlrpc
DEBUG:xmlrpc.registry:Checking oscar.apps.customer...
DEBUG:xmlrpc.registry:Not found oscar.apps.customer.xmlrpc
DEBUG:xmlrpc.registry:Checking oscar.apps.search...
DEBUG:xmlrpc.registry:Not found oscar.apps.search.xmlrpc
DEBUG:xmlrpc.registry:Checking oscar.apps.voucher...
DEBUG:xmlrpc.registry:Not found oscar.apps.voucher.xmlrpc
DEBUG:xmlrpc.registry:Checking oscar.apps.wishlists...
DEBUG:xmlrpc.registry:Not found oscar.apps.wishlists.xmlrpc
DEBUG:xmlrpc.registry:Checking oscar.apps.dashboard...
DEBUG:xmlrpc.registry:Not found oscar.apps.dashboard.xmlrpc
DEBUG:xmlrpc.registry:Checking oscar.apps.dashboard.reports...
DEBUG:xmlrpc.registry:Not found oscar.apps.dashboard.reports.xmlrpc
DEBUG:xmlrpc.registry:Checking oscar.apps.dashboard.users...
DEBUG:xmlrpc.registry:Not found oscar.apps.dashboard.users.xmlrpc
DEBUG:xmlrpc.registry:Checking oscar.apps.dashboard.orders...
DEBUG:xmlrpc.registry:Not found oscar.apps.dashboard.orders.xmlrpc
DEBUG:xmlrpc.registry:Checking oscar.apps.dashboard.catalogue...
DEBUG:xmlrpc.registry:Not found oscar.apps.dashboard.catalogue.xmlrpc
DEBUG:xmlrpc.registry:Checking oscar.apps.dashboard.offers...
DEBUG:xmlrpc.registry:Not found oscar.apps.dashboard.offers.xmlrpc
DEBUG:xmlrpc.registry:Checking oscar.apps.dashboard.partners...
DEBUG:xmlrpc.registry:Not found oscar.apps.dashboard.partners.xmlrpc
DEBUG:xmlrpc.registry:Checking oscar.apps.dashboard.pages...
DEBUG:xmlrpc.registry:Not found oscar.apps.dashboard.pages.xmlrpc
DEBUG:xmlrpc.registry:Checking oscar.apps.dashboard.ranges...
DEBUG:xmlrpc.registry:Not found oscar.apps.dashboard.ranges.xmlrpc
DEBUG:xmlrpc.registry:Checking oscar.apps.dashboard.reviews...
DEBUG:xmlrpc.registry:Not found oscar.apps.dashboard.reviews.xmlrpc
DEBUG:xmlrpc.registry:Checking oscar.apps.dashboard.vouchers...
DEBUG:xmlrpc.registry:Not found oscar.apps.dashboard.vouchers.xmlrpc
DEBUG:xmlrpc.registry:Checking oscar.apps.dashboard.communications...
DEBUG:xmlrpc.registry:Not found oscar.apps.dashboard.communications.xmlrpc
DEBUG:xmlrpc.registry:Checking oscar.apps.dashboard.shipping...
DEBUG:xmlrpc.registry:Not found oscar.apps.dashboard.shipping.xmlrpc
DEBUG:xmlrpc.registry:Checking widget_tweaks...
DEBUG:xmlrpc.registry:Not found widget_tweaks.xmlrpc
DEBUG:xmlrpc.registry:Checking haystack...
DEBUG:xmlrpc.registry:Not found haystack.xmlrpc
DEBUG:xmlrpc.registry:Checking sorl.thumbnail...
DEBUG:xmlrpc.registry:Not found sorl.thumbnail.xmlrpc
DEBUG:xmlrpc.registry:Checking django_tables2...
DEBUG:xmlrpc.registry:Not found django_tables2.xmlrpc
DEBUG:xmlrpc.registry:Checking aldryn_apphooks_config...
DEBUG:xmlrpc.registry:Not found aldryn_apphooks_config.xmlrpc
DEBUG:xmlrpc.registry:Checking parler...
DEBUG:xmlrpc.registry:Not found parler.xmlrpc
DEBUG:xmlrpc.registry:Checking taggit...
DEBUG:xmlrpc.registry:Not found taggit.xmlrpc
DEBUG:xmlrpc.registry:Checking taggit_autosuggest...
DEBUG:xmlrpc.registry:Not found taggit_autosuggest.xmlrpc
DEBUG:xmlrpc.registry:Checking meta...
DEBUG:xmlrpc.registry:Not found meta.xmlrpc
DEBUG:xmlrpc.registry:Checking sortedm2m...
DEBUG:xmlrpc.registry:Not found sortedm2m.xmlrpc
DEBUG:xmlrpc.registry:Checking rest_framework...
DEBUG:xmlrpc.registry:Not found rest_framework.xmlrpc
DEBUG:xmlrpc.registry:Checking oscarapi...
DEBUG:xmlrpc.registry:Not found oscarapi.xmlrpc
DEBUG:xmlrpc.registry:Checking oscar_invoices...
DEBUG:xmlrpc.registry:Not found oscar_invoices.xmlrpc
DEBUG:xmlrpc.registry:Checking pinax.badges...
DEBUG:xmlrpc.registry:Not found pinax.badges.xmlrpc
DEBUG:xmlrpc.registry:Checking pinax.messages...
DEBUG:xmlrpc.registry:Not found pinax.messages.xmlrpc
DEBUG:xmlrpc.registry:Checking pinax.announcements...
DEBUG:xmlrpc.registry:Not found pinax.announcements.xmlrpc
DEBUG:xmlrpc.registry:Checking pinax.calendars...
DEBUG:xmlrpc.registry:Not found pinax.calendars.xmlrpc
DEBUG:xmlrpc.registry:Checking imagekit...
DEBUG:xmlrpc.registry:Not found imagekit.xmlrpc
DEBUG:xmlrpc.registry:Checking pinax.events...
DEBUG:xmlrpc.registry:Not found pinax.events.xmlrpc
DEBUG:xmlrpc.registry:Checking pinax.testimonials...
DEBUG:xmlrpc.registry:Not found pinax.testimonials.xmlrpc
DEBUG:xmlrpc.registry:Checking photologue...
DEBUG:xmlrpc.registry:Not found photologue.xmlrpc
DEBUG:xmlrpc.registry:Checking corsheaders...
DEBUG:xmlrpc.registry:Not found corsheaders.xmlrpc
DEBUG:xmlrpc.registry:Checking absolute...
DEBUG:xmlrpc.registry:Not found absolute.xmlrpc
DEBUG:xmlrpc.registry:Checking emailit...
DEBUG:xmlrpc.registry:Not found emailit.xmlrpc
DEBUG:xmlrpc.registry:Checking gdpr_assist...
DEBUG:xmlrpc.registry:Not found gdpr_assist.xmlrpc
DEBUG:xmlrpc.registry:Checking payments...
DEBUG:xmlrpc.registry:Not found payments.xmlrpc
DEBUG:xmlrpc.registry:Checking newsletter...
DEBUG:xmlrpc.registry:Not found newsletter.xmlrpc
DEBUG:xmlrpc.registry:Checking captcha...
DEBUG:xmlrpc.registry:Not found captcha.xmlrpc
DEBUG:xmlrpc.registry:Checking django_otp...
DEBUG:xmlrpc.registry:Not found django_otp.xmlrpc
DEBUG:xmlrpc.registry:Checking django_otp.plugins.otp_static...
DEBUG:xmlrpc.registry:Not found django_otp.plugins.otp_static.xmlrpc
DEBUG:xmlrpc.registry:Checking django_otp.plugins.otp_totp...
DEBUG:xmlrpc.registry:Not found django_otp.plugins.otp_totp.xmlrpc
DEBUG:xmlrpc.registry:Checking two_factor...
DEBUG:xmlrpc.registry:Not found two_factor.xmlrpc
DEBUG:xmlrpc.registry:Checking otp_yubikey...
DEBUG:xmlrpc.registry:Not found otp_yubikey.xmlrpc
DEBUG:xmlrpc.registry:Checking djangocms_history...
DEBUG:xmlrpc.registry:Not found djangocms_history.xmlrpc
DEBUG:xmlrpc.registry:Checking django_comments...
DEBUG:xmlrpc.registry:Not found django_comments.xmlrpc
DEBUG:xmlrpc.registry:Checking mptt...
DEBUG:xmlrpc.registry:Not found mptt.xmlrpc
DEBUG:xmlrpc.registry:Checking tagging...
DEBUG:xmlrpc.registry:Not found tagging.xmlrpc
DEBUG:xmlrpc.registry:Checking zinnia...
DEBUG:xmlrpc.registry:Found zinnia.xmlrpc
INFO:xmlrpc.registry:Found XMLRPC_METHODS in zinnia.xmlrpc
DEBUG:xmlrpc.registry:zinnia.xmlrpc.pingback.pingback_ping not callable, resolving path...
INFO:xmlrpc.registry:Registering 'zinnia.xmlrpc.pingback:pingback_ping' => 'pingback.ping'
DEBUG:xmlrpc.registry:zinnia.xmlrpc.pingback.pingback_extensions_get_pingbacks not callable, resolving path...
INFO:xmlrpc.registry:Registering 'zinnia.xmlrpc.pingback:pingback_extensions_get_pingbacks' => 'pingback.extensions.getPingbacks'
DEBUG:xmlrpc.registry:zinnia.xmlrpc.metaweblog.get_users_blogs not callable, resolving path...
INFO:xmlrpc.registry:Registering 'zinnia.xmlrpc.metaweblog:get_users_blogs' => 'blogger.getUsersBlogs'
DEBUG:xmlrpc.registry:zinnia.xmlrpc.metaweblog.get_user_info not callable, resolving path...
INFO:xmlrpc.registry:Registering 'zinnia.xmlrpc.metaweblog:get_user_info' => 'blogger.getUserInfo'
DEBUG:xmlrpc.registry:zinnia.xmlrpc.metaweblog.delete_post not callable, resolving path...
INFO:xmlrpc.registry:Registering 'zinnia.xmlrpc.metaweblog:delete_post' => 'blogger.deletePost'
DEBUG:xmlrpc.registry:zinnia.xmlrpc.metaweblog.get_authors not callable, resolving path...
INFO:xmlrpc.registry:Registering 'zinnia.xmlrpc.metaweblog:get_authors' => 'wp.getAuthors'
DEBUG:xmlrpc.registry:zinnia.xmlrpc.metaweblog.get_tags not callable, resolving path...
INFO:xmlrpc.registry:Registering 'zinnia.xmlrpc.metaweblog:get_tags' => 'wp.getTags'
DEBUG:xmlrpc.registry:zinnia.xmlrpc.metaweblog.get_categories not callable, resolving path...
INFO:xmlrpc.registry:Registering 'zinnia.xmlrpc.metaweblog:get_categories' => 'metaWeblog.getCategories'
DEBUG:xmlrpc.registry:zinnia.xmlrpc.metaweblog.new_category not callable, resolving path...
INFO:xmlrpc.registry:Registering 'zinnia.xmlrpc.metaweblog:new_category' => 'wp.newCategory'
DEBUG:xmlrpc.registry:zinnia.xmlrpc.metaweblog.get_recent_posts not callable, resolving path...
INFO:xmlrpc.registry:Registering 'zinnia.xmlrpc.metaweblog:get_recent_posts' => 'metaWeblog.getRecentPosts'
DEBUG:xmlrpc.registry:zinnia.xmlrpc.metaweblog.get_post not callable, resolving path...
INFO:xmlrpc.registry:Registering 'zinnia.xmlrpc.metaweblog:get_post' => 'metaWeblog.getPost'
DEBUG:xmlrpc.registry:zinnia.xmlrpc.metaweblog.new_post not callable, resolving path...
INFO:xmlrpc.registry:Registering 'zinnia.xmlrpc.metaweblog:new_post' => 'metaWeblog.newPost'
DEBUG:xmlrpc.registry:zinnia.xmlrpc.metaweblog.edit_post not callable, resolving path...
INFO:xmlrpc.registry:Registering 'zinnia.xmlrpc.metaweblog:edit_post' => 'metaWeblog.editPost'
DEBUG:xmlrpc.registry:zinnia.xmlrpc.metaweblog.new_media_object not callable, resolving path...
INFO:xmlrpc.registry:Registering 'zinnia.xmlrpc.metaweblog:new_media_object' => 'metaWeblog.newMediaObject'
DEBUG:xmlrpc.registry:Checking django_xmlrpc...
DEBUG:xmlrpc.registry:Not found django_xmlrpc.xmlrpc
INFO:django.utils.autoreload:Watching for file changes with StatReloader
DEBUG:urllib3.connectionpool:Starting new HTTPS connection (1): o996770.ingest.sentry.io:443
DEBUG:urllib3.connectionpool:https://o996770.ingest.sentry.io:443 "POST /api/5955273/store/ HTTP/1.1" 200 41
INFO:django.utils.autoreload:Watching for file changes with StatReloader
DEBUG:urllib3.connectionpool:Starting new HTTPS connection (1): o996770.ingest.sentry.io:443
DEBUG:urllib3.connectionpool:https://o996770.ingest.sentry.io:443 "POST /api/5955273/store/ HTTP/1.1" 200 41
INFO:django.utils.autoreload:Watching for file changes with StatReloader
DEBUG:urllib3.connectionpool:Starting new HTTPS connection (1): o996770.ingest.sentry.io:443
DEBUG:urllib3.connectionpool:https://o996770.ingest.sentry.io:443 "POST /api/5955273/store/ HTTP/1.1" 200 41
INFO:django.utils.autoreload:Watching for file changes with StatReloader
DEBUG:urllib3.connectionpool:Starting new HTTPS connection (1): o996770.ingest.sentry.io:443
DEBUG:urllib3.connectionpool:https://o996770.ingest.sentry.io:443 "POST /api/5955273/store/ HTTP/1.1" 200 41
